{"E:\\work\\JS-course\\gevorkyan-gevork-js-21-02\\React_homework\\at_3\\client\\src\\App.tsx": {"path":"E:\\work\\JS-course\\gevorkyan-gevork-js-21-02\\React_homework\\at_3\\client\\src\\App.tsx","statementMap":{"0":{"start":{"line":18,"column":34},"end":{"line":18,"column":67}},"1":{"start":{"line":20,"column":2},"end":{"line":28,"column":3}},"2":{"start":{"line":21,"column":26},"end":{"line":21,"column":68}},"3":{"start":{"line":22,"column":4},"end":{"line":27,"column":5}},"4":{"start":{"line":23,"column":6},"end":{"line":23,"column":68}},"5":{"start":{"line":24,"column":6},"end":{"line":24,"column":36}},"6":{"start":{"line":26,"column":6},"end":{"line":26,"column":34}},"7":{"start":{"line":30,"column":21},"end":{"line":30,"column":64}},"8":{"start":{"line":31,"column":22},"end":{"line":31,"column":62}},"9":{"start":{"line":33,"column":2},"end":{"line":42,"column":42}},"10":{"start":{"line":34,"column":4},"end":{"line":37,"column":5}},"11":{"start":{"line":35,"column":6},"end":{"line":35,"column":47}},"12":{"start":{"line":36,"column":6},"end":{"line":36,"column":34}},"13":{"start":{"line":39,"column":4},"end":{"line":41,"column":5}},"14":{"start":{"line":40,"column":6},"end":{"line":40,"column":34}},"15":{"start":{"line":44,"column":2},"end":{"line":46,"column":3}},"16":{"start":{"line":45,"column":4},"end":{"line":45,"column":33}},"17":{"start":{"line":48,"column":2},"end":{"line":48,"column":24}}},"fnMap":{"0":{"name":"App","decl":{"start":{"line":17,"column":9},"end":{"line":17,"column":12}},"loc":{"start":{"line":17,"column":15},"end":{"line":49,"column":1}},"line":17},"1":{"name":"(anonymous_1)","decl":{"start":{"line":33,"column":12},"end":{"line":33,"column":13}},"loc":{"start":{"line":33,"column":18},"end":{"line":42,"column":3}},"line":33}},"branchMap":{"0":{"loc":{"start":{"line":20,"column":2},"end":{"line":28,"column":3}},"type":"if","locations":[{"start":{"line":20,"column":2},"end":{"line":28,"column":3}},{"start":{},"end":{}}],"line":20},"1":{"loc":{"start":{"line":21,"column":26},"end":{"line":21,"column":68}},"type":"binary-expr","locations":[{"start":{"line":21,"column":26},"end":{"line":21,"column":62}},{"start":{"line":21,"column":66},"end":{"line":21,"column":68}}],"line":21},"2":{"loc":{"start":{"line":22,"column":4},"end":{"line":27,"column":5}},"type":"if","locations":[{"start":{"line":22,"column":4},"end":{"line":27,"column":5}},{"start":{"line":25,"column":11},"end":{"line":27,"column":5}}],"line":22},"3":{"loc":{"start":{"line":34,"column":4},"end":{"line":37,"column":5}},"type":"if","locations":[{"start":{"line":34,"column":4},"end":{"line":37,"column":5}},{"start":{},"end":{}}],"line":34},"4":{"loc":{"start":{"line":34,"column":8},"end":{"line":34,"column":66}},"type":"binary-expr","locations":[{"start":{"line":34,"column":8},"end":{"line":34,"column":37}},{"start":{"line":34,"column":41},"end":{"line":34,"column":52}},{"start":{"line":34,"column":56},"end":{"line":34,"column":66}}],"line":34},"5":{"loc":{"start":{"line":39,"column":4},"end":{"line":41,"column":5}},"type":"if","locations":[{"start":{"line":39,"column":4},"end":{"line":41,"column":5}},{"start":{},"end":{}}],"line":39},"6":{"loc":{"start":{"line":39,"column":8},"end":{"line":39,"column":68}},"type":"binary-expr","locations":[{"start":{"line":39,"column":8},"end":{"line":39,"column":37}},{"start":{"line":39,"column":41},"end":{"line":39,"column":53}},{"start":{"line":39,"column":57},"end":{"line":39,"column":68}}],"line":39},"7":{"loc":{"start":{"line":44,"column":2},"end":{"line":46,"column":3}},"type":"if","locations":[{"start":{"line":44,"column":2},"end":{"line":46,"column":3}},{"start":{},"end":{}}],"line":44}},"s":{"0":0,"1":0,"2":0,"3":0,"4":0,"5":0,"6":0,"7":0,"8":0,"9":0,"10":0,"11":0,"12":0,"13":0,"14":0,"15":0,"16":0,"17":0},"f":{"0":0,"1":0},"b":{"0":[0,0],"1":[0,0],"2":[0,0],"3":[0,0],"4":[0,0,0],"5":[0,0],"6":[0,0,0],"7":[0,0]}}
,"E:\\work\\JS-course\\gevorkyan-gevork-js-21-02\\React_homework\\at_3\\client\\src\\firebase.ts": {"path":"E:\\work\\JS-course\\gevorkyan-gevork-js-21-02\\React_homework\\at_3\\client\\src\\firebase.ts","statementMap":{"0":{"start":{"line":3,"column":23},"end":{"line":10,"column":1}},"1":{"start":{"line":13,"column":12},"end":{"line":13,"column":41}}},"fnMap":{},"branchMap":{},"s":{"0":0,"1":0},"f":{},"b":{}}
,"E:\\work\\JS-course\\gevorkyan-gevork-js-21-02\\React_homework\\at_3\\client\\src\\index.tsx": {"path":"E:\\work\\JS-course\\gevorkyan-gevork-js-21-02\\React_homework\\at_3\\client\\src\\index.tsx","statementMap":{"0":{"start":{"line":15,"column":0},"end":{"line":22,"column":3}},"1":{"start":{"line":24,"column":13},"end":{"line":36,"column":1}},"2":{"start":{"line":25,"column":2},"end":{"line":35,"column":4}},"3":{"start":{"line":37,"column":0},"end":{"line":37,"column":22}}},"fnMap":{"0":{"name":"(anonymous_0)","decl":{"start":{"line":24,"column":13},"end":{"line":24,"column":14}},"loc":{"start":{"line":24,"column":48},"end":{"line":36,"column":1}},"line":24}},"branchMap":{},"s":{"0":0,"1":0,"2":0,"3":0},"f":{"0":0},"b":{}}
,"E:\\work\\JS-course\\gevorkyan-gevork-js-21-02\\React_homework\\at_3\\client\\src\\__tests__\\mocks\\comment.mock.ts": {"path":"E:\\work\\JS-course\\gevorkyan-gevork-js-21-02\\React_homework\\at_3\\client\\src\\__tests__\\mocks\\comment.mock.ts","statementMap":{"0":{"start":{"line":4,"column":36},"end":{"line":10,"column":1}},"1":{"start":{"line":12,"column":36},"end":{"line":18,"column":1}},"2":{"start":{"line":20,"column":35},"end":{"line":25,"column":1}}},"fnMap":{},"branchMap":{},"s":{"0":1,"1":1,"2":1},"f":{},"b":{},"_coverageSchema":"1a1c01bbd47fc00a2c39e90264f33305004495a9","hash":"a502eceb54e912b2a0132e674e2c5b96493e3d3f"}
,"E:\\work\\JS-course\\gevorkyan-gevork-js-21-02\\React_homework\\at_3\\client\\src\\__tests__\\mocks\\post.mock.ts": {"path":"E:\\work\\JS-course\\gevorkyan-gevork-js-21-02\\React_homework\\at_3\\client\\src\\__tests__\\mocks\\post.mock.ts","statementMap":{"0":{"start":{"line":4,"column":37},"end":{"line":10,"column":1}},"1":{"start":{"line":12,"column":37},"end":{"line":18,"column":1}},"2":{"start":{"line":20,"column":39},"end":{"line":26,"column":1}},"3":{"start":{"line":28,"column":29},"end":{"line":33,"column":1}}},"fnMap":{},"branchMap":{},"s":{"0":2,"1":2,"2":2,"3":2},"f":{},"b":{},"_coverageSchema":"1a1c01bbd47fc00a2c39e90264f33305004495a9","hash":"ebaa549e4f52e189632a52af066f1db913b16ea2"}
,"E:\\work\\JS-course\\gevorkyan-gevork-js-21-02\\React_homework\\at_3\\client\\src\\__tests__\\mocks\\store.mock.ts": {"path":"E:\\work\\JS-course\\gevorkyan-gevork-js-21-02\\React_homework\\at_3\\client\\src\\__tests__\\mocks\\store.mock.ts","statementMap":{"0":{"start":{"line":4,"column":29},"end":{"line":301,"column":1}},"1":{"start":{"line":303,"column":20},"end":{"line":303,"column":27}},"2":{"start":{"line":304,"column":24},"end":{"line":304,"column":51}},"3":{"start":{"line":305,"column":18},"end":{"line":305,"column":48}},"4":{"start":{"line":306,"column":0},"end":{"line":306,"column":31}}},"fnMap":{},"branchMap":{},"s":{"0":2,"1":2,"2":2,"3":2,"4":2},"f":{},"b":{},"_coverageSchema":"1a1c01bbd47fc00a2c39e90264f33305004495a9","hash":"7857dfe42a32ab0df37ad927da2264464818afa0"}
,"E:\\work\\JS-course\\gevorkyan-gevork-js-21-02\\React_homework\\at_3\\client\\src\\__tests__\\mocks\\user.mock.ts": {"path":"E:\\work\\JS-course\\gevorkyan-gevork-js-21-02\\React_homework\\at_3\\client\\src\\__tests__\\mocks\\user.mock.ts","statementMap":{"0":{"start":{"line":3,"column":37},"end":{"line":9,"column":1}},"1":{"start":{"line":11,"column":37},"end":{"line":17,"column":1}},"2":{"start":{"line":19,"column":33},"end":{"line":24,"column":1}},"3":{"start":{"line":26,"column":31},"end":{"line":44,"column":1}},"4":{"start":{"line":46,"column":46},"end":{"line":53,"column":1}},"5":{"start":{"line":55,"column":40},"end":{"line":63,"column":1}}},"fnMap":{},"branchMap":{},"s":{"0":7,"1":7,"2":7,"3":7,"4":7,"5":7},"f":{},"b":{},"_coverageSchema":"1a1c01bbd47fc00a2c39e90264f33305004495a9","hash":"abf9d3c002e3224959ed40d749023d0e677d22a5"}
,"E:\\work\\JS-course\\gevorkyan-gevork-js-21-02\\React_homework\\at_3\\client\\src\\__tests__\\mocks\\utils.ts": {"path":"E:\\work\\JS-course\\gevorkyan-gevork-js-21-02\\React_homework\\at_3\\client\\src\\__tests__\\mocks\\utils.ts","statementMap":{"0":{"start":{"line":3,"column":22},"end":{"line":3,"column":39}},"1":{"start":{"line":5,"column":14},"end":{"line":9,"column":1}},"2":{"start":{"line":6,"column":2},"end":{"line":8,"column":5}},"3":{"start":{"line":7,"column":4},"end":{"line":7,"column":71}},"4":{"start":{"line":7,"column":35},"end":{"line":7,"column":67}}},"fnMap":{"0":{"name":"(anonymous_0)","decl":{"start":{"line":5,"column":14},"end":{"line":5,"column":15}},"loc":{"start":{"line":5,"column":37},"end":{"line":9,"column":1}},"line":5},"1":{"name":"(anonymous_1)","decl":{"start":{"line":6,"column":12},"end":{"line":6,"column":13}},"loc":{"start":{"line":6,"column":24},"end":{"line":8,"column":3}},"line":6},"2":{"name":"(anonymous_2)","decl":{"start":{"line":7,"column":22},"end":{"line":7,"column":23}},"loc":{"start":{"line":7,"column":33},"end":{"line":7,"column":69}},"line":7}},"branchMap":{"0":{"loc":{"start":{"line":5,"column":21},"end":{"line":5,"column":32}},"type":"default-arg","locations":[{"start":{"line":5,"column":31},"end":{"line":5,"column":32}}],"line":5}},"s":{"0":4,"1":4,"2":4,"3":4,"4":4},"f":{"0":4,"1":4,"2":4},"b":{"0":[4]},"_coverageSchema":"1a1c01bbd47fc00a2c39e90264f33305004495a9","hash":"411797569f58d4d3c778412963fc433defa8a6dc"}
,"E:\\work\\JS-course\\gevorkyan-gevork-js-21-02\\React_homework\\at_3\\client\\src\\components\\app-list\\AppList.tsx": {"path":"E:\\work\\JS-course\\gevorkyan-gevork-js-21-02\\React_homework\\at_3\\client\\src\\components\\app-list\\AppList.tsx","statementMap":{"0":{"start":{"line":11,"column":19},"end":{"line":39,"column":1}},"1":{"start":{"line":62,"column":2},"end":{"line":82,"column":4}},"2":{"start":{"line":85,"column":0},"end":{"line":85,"column":25}},"3":{"start":{"line":87,"column":0},"end":{"line":89,"column":2}}},"fnMap":{"0":{"name":"AppList","decl":{"start":{"line":52,"column":9},"end":{"line":52,"column":16}},"loc":{"start":{"line":61,"column":21},"end":{"line":83,"column":1}},"line":61}},"branchMap":{"0":{"loc":{"start":{"line":60,"column":2},"end":{"line":60,"column":24}},"type":"default-arg","locations":[{"start":{"line":60,"column":8},"end":{"line":60,"column":24}}],"line":60},"1":{"loc":{"start":{"line":64,"column":29},"end":{"line":64,"column":78}},"type":"cond-expr","locations":[{"start":{"line":64,"column":56},"end":{"line":64,"column":73}},{"start":{"line":64,"column":76},"end":{"line":64,"column":78}}],"line":64},"2":{"loc":{"start":{"line":65,"column":8},"end":{"line":65,"column":65}},"type":"cond-expr","locations":[{"start":{"line":65,"column":39},"end":{"line":65,"column":60}},{"start":{"line":65,"column":63},"end":{"line":65,"column":65}}],"line":65}},"s":{"0":3,"1":9,"2":3,"3":3},"f":{"0":9},"b":{"0":[0],"1":[4,5],"2":[2,7]},"_coverageSchema":"1a1c01bbd47fc00a2c39e90264f33305004495a9","hash":"af27ba762edf7d2c83abd7acb9790712a9ed81f0"}
,"E:\\work\\JS-course\\gevorkyan-gevork-js-21-02\\React_homework\\at_3\\client\\src\\components\\auth\\Auth.tsx": {"path":"E:\\work\\JS-course\\gevorkyan-gevork-js-21-02\\React_homework\\at_3\\client\\src\\components\\auth\\Auth.tsx","statementMap":{"0":{"start":{"line":28,"column":14},"end":{"line":28,"column":39}},"1":{"start":{"line":29,"column":30},"end":{"line":29,"column":38}},"2":{"start":{"line":30,"column":23},"end":{"line":30,"column":56}},"3":{"start":{"line":32,"column":2},"end":{"line":55,"column":4}},"4":{"start":{"line":58,"column":0},"end":{"line":64,"column":2}}},"fnMap":{"0":{"name":"Auth","decl":{"start":{"line":19,"column":9},"end":{"line":19,"column":13}},"loc":{"start":{"line":27,"column":15},"end":{"line":56,"column":1}},"line":27}},"branchMap":{"0":{"loc":{"start":{"line":22,"column":2},"end":{"line":26,"column":3}},"type":"default-arg","locations":[{"start":{"line":22,"column":13},"end":{"line":26,"column":3}}],"line":22},"1":{"loc":{"start":{"line":34,"column":7},"end":{"line":53,"column":7}},"type":"cond-expr","locations":[{"start":{"line":35,"column":8},"end":{"line":42,"column":11}},{"start":{"line":44,"column":8},"end":{"line":52,"column":11}}],"line":34}},"s":{"0":3,"1":3,"2":3,"3":3,"4":4},"f":{"0":3},"b":{"0":[0],"1":[2,1]},"_coverageSchema":"1a1c01bbd47fc00a2c39e90264f33305004495a9","hash":"4a4fc1b8201ccd5c1cfe3c7490d5208804e7f287"}
,"E:\\work\\JS-course\\gevorkyan-gevork-js-21-02\\React_homework\\at_3\\client\\src\\components\\comment\\Comment.tsx": {"path":"E:\\work\\JS-course\\gevorkyan-gevork-js-21-02\\React_homework\\at_3\\client\\src\\components\\comment\\Comment.tsx","statementMap":{"0":{"start":{"line":13,"column":40},"end":{"line":13,"column":47}},"1":{"start":{"line":14,"column":39},"end":{"line":14,"column":44}},"2":{"start":{"line":15,"column":15},"end":{"line":15,"column":68}},"3":{"start":{"line":16,"column":23},"end":{"line":16,"column":62}},"4":{"start":{"line":18,"column":2},"end":{"line":31,"column":4}}},"fnMap":{"0":{"name":"Comment","decl":{"start":{"line":12,"column":9},"end":{"line":12,"column":16}},"loc":{"start":{"line":12,"column":43},"end":{"line":32,"column":1}},"line":12}},"branchMap":{},"s":{"0":5,"1":5,"2":5,"3":5,"4":5},"f":{"0":5},"b":{},"_coverageSchema":"1a1c01bbd47fc00a2c39e90264f33305004495a9","hash":"63baea10e2438877b986e8f628abf8227052341a"}
,"E:\\work\\JS-course\\gevorkyan-gevork-js-21-02\\React_homework\\at_3\\client\\src\\components\\connected-auth\\ConnectedAuth.tsx": {"path":"E:\\work\\JS-course\\gevorkyan-gevork-js-21-02\\React_homework\\at_3\\client\\src\\components\\connected-auth\\ConnectedAuth.tsx","statementMap":{"0":{"start":{"line":8,"column":19},"end":{"line":8,"column":35}},"1":{"start":{"line":9,"column":17},"end":{"line":9,"column":56}},"2":{"start":{"line":10,"column":19},"end":{"line":10,"column":60}},"3":{"start":{"line":12,"column":23},"end":{"line":14,"column":3}},"4":{"start":{"line":13,"column":4},"end":{"line":13,"column":35}},"5":{"start":{"line":16,"column":2},"end":{"line":20,"column":4}}},"fnMap":{"0":{"name":"ConnectedAuth","decl":{"start":{"line":7,"column":9},"end":{"line":7,"column":22}},"loc":{"start":{"line":7,"column":25},"end":{"line":21,"column":1}},"line":7},"1":{"name":"(anonymous_1)","decl":{"start":{"line":12,"column":23},"end":{"line":12,"column":24}},"loc":{"start":{"line":12,"column":29},"end":{"line":14,"column":3}},"line":12}},"branchMap":{},"s":{"0":1,"1":1,"2":1,"3":1,"4":1,"5":1},"f":{"0":1,"1":1},"b":{},"_coverageSchema":"1a1c01bbd47fc00a2c39e90264f33305004495a9","hash":"77ca0ad6c74238c4deedf999ff029dd054d28f5a"}
,"E:\\work\\JS-course\\gevorkyan-gevork-js-21-02\\React_homework\\at_3\\client\\src\\components\\content-layout\\ContentLayout.tsx": {"path":"E:\\work\\JS-course\\gevorkyan-gevork-js-21-02\\React_homework\\at_3\\client\\src\\components\\content-layout\\ContentLayout.tsx","statementMap":{"0":{"start":{"line":20,"column":2},"end":{"line":26,"column":4}},"1":{"start":{"line":29,"column":0},"end":{"line":34,"column":2}}},"fnMap":{"0":{"name":"ContentLayout","decl":{"start":{"line":19,"column":9},"end":{"line":19,"column":22}},"loc":{"start":{"line":19,"column":96},"end":{"line":27,"column":1}},"line":19}},"branchMap":{"0":{"loc":{"start":{"line":22,"column":46},"end":{"line":22,"column":92}},"type":"cond-expr","locations":[{"start":{"line":22,"column":58},"end":{"line":22,"column":87}},{"start":{"line":22,"column":90},"end":{"line":22,"column":92}}],"line":22},"1":{"loc":{"start":{"line":24,"column":7},"end":{"line":24,"column":100}},"type":"binary-expr","locations":[{"start":{"line":24,"column":7},"end":{"line":24,"column":14}},{"start":{"line":24,"column":18},"end":{"line":24,"column":100}}],"line":24}},"s":{"0":17,"1":3},"f":{"0":17},"b":{"0":[7,10],"1":[17,1]},"_coverageSchema":"1a1c01bbd47fc00a2c39e90264f33305004495a9","hash":"09fc26e4ca48721848d5eb7a5e49cc7c5c28b9fa"}
,"E:\\work\\JS-course\\gevorkyan-gevork-js-21-02\\React_homework\\at_3\\client\\src\\components\\custom-link\\CustomLink.tsx": {"path":"E:\\work\\JS-course\\gevorkyan-gevork-js-21-02\\React_homework\\at_3\\client\\src\\components\\custom-link\\CustomLink.tsx","statementMap":{"0":{"start":{"line":11,"column":2},"end":{"line":16,"column":4}},"1":{"start":{"line":19,"column":0},"end":{"line":22,"column":2}}},"fnMap":{"0":{"name":"CustomLink","decl":{"start":{"line":10,"column":9},"end":{"line":10,"column":19}},"loc":{"start":{"line":10,"column":80},"end":{"line":17,"column":1}},"line":10}},"branchMap":{"0":{"loc":{"start":{"line":10,"column":21},"end":{"line":10,"column":34}},"type":"default-arg","locations":[{"start":{"line":10,"column":32},"end":{"line":10,"column":34}}],"line":10},"1":{"loc":{"start":{"line":10,"column":36},"end":{"line":10,"column":50}},"type":"default-arg","locations":[{"start":{"line":10,"column":48},"end":{"line":10,"column":50}}],"line":10}},"s":{"0":91,"1":13},"f":{"0":91},"b":{"0":[0],"1":[0]},"_coverageSchema":"1a1c01bbd47fc00a2c39e90264f33305004495a9","hash":"c394f025d94204a8085d65fbcfa2b47fd989ebe2"}
,"E:\\work\\JS-course\\gevorkyan-gevork-js-21-02\\React_homework\\at_3\\client\\src\\components\\edit-form\\EditForm.tsx": {"path":"E:\\work\\JS-course\\gevorkyan-gevork-js-21-02\\React_homework\\at_3\\client\\src\\components\\edit-form\\EditForm.tsx","statementMap":{"0":{"start":{"line":27,"column":17},"end":{"line":32,"column":1}},"1":{"start":{"line":28,"column":2},"end":{"line":30,"column":3}},"2":{"start":{"line":29,"column":4},"end":{"line":29,"column":13}},"3":{"start":{"line":31,"column":2},"end":{"line":31,"column":25}},"4":{"start":{"line":33,"column":20},"end":{"line":33,"column":51}},"5":{"start":{"line":34,"column":15},"end":{"line":34,"column":19}},"6":{"start":{"line":37,"column":14},"end":{"line":37,"column":43}},"7":{"start":{"line":38,"column":30},"end":{"line":41,"column":4}},"8":{"start":{"line":42,"column":29},"end":{"line":53,"column":3}},"9":{"start":{"line":43,"column":4},"end":{"line":52,"column":7}},"10":{"start":{"line":44,"column":6},"end":{"line":51,"column":7}},"11":{"start":{"line":45,"column":8},"end":{"line":50,"column":10}},"12":{"start":{"line":55,"column":17},"end":{"line":55,"column":31}},"13":{"start":{"line":56,"column":24},"end":{"line":65,"column":3}},"14":{"start":{"line":57,"column":11},"end":{"line":63,"column":5}},"15":{"start":{"line":67,"column":2},"end":{"line":70,"column":28}},"16":{"start":{"line":68,"column":4},"end":{"line":68,"column":39}},"17":{"start":{"line":69,"column":4},"end":{"line":69,"column":86}},"18":{"start":{"line":69,"column":24},"end":{"line":69,"column":84}},"19":{"start":{"line":72,"column":27},"end":{"line":85,"column":3}},"20":{"start":{"line":73,"column":21},"end":{"line":73,"column":62}},"21":{"start":{"line":74,"column":36},"end":{"line":82,"column":5}},"22":{"start":{"line":84,"column":4},"end":{"line":84,"column":25}},"23":{"start":{"line":87,"column":2},"end":{"line":153,"column":4}},"24":{"start":{"line":156,"column":0},"end":{"line":159,"column":2}}},"fnMap":{"0":{"name":"(anonymous_0)","decl":{"start":{"line":27,"column":17},"end":{"line":27,"column":18}},"loc":{"start":{"line":27,"column":29},"end":{"line":32,"column":1}},"line":27},"1":{"name":"EditForm","decl":{"start":{"line":36,"column":9},"end":{"line":36,"column":17}},"loc":{"start":{"line":36,"column":72},"end":{"line":154,"column":1}},"line":36},"2":{"name":"(anonymous_2)","decl":{"start":{"line":36,"column":36},"end":{"line":36,"column":37}},"loc":{"start":{"line":36,"column":42},"end":{"line":36,"column":44}},"line":36},"3":{"name":"(anonymous_3)","decl":{"start":{"line":42,"column":29},"end":{"line":42,"column":30}},"loc":{"start":{"line":42,"column":44},"end":{"line":53,"column":3}},"line":42},"4":{"name":"(anonymous_4)","decl":{"start":{"line":43,"column":54},"end":{"line":43,"column":55}},"loc":{"start":{"line":43,"column":63},"end":{"line":52,"column":5}},"line":43},"5":{"name":"(anonymous_5)","decl":{"start":{"line":57,"column":4},"end":{"line":57,"column":5}},"loc":{"start":{"line":57,"column":11},"end":{"line":63,"column":5}},"line":57},"6":{"name":"(anonymous_6)","decl":{"start":{"line":67,"column":12},"end":{"line":67,"column":13}},"loc":{"start":{"line":67,"column":18},"end":{"line":70,"column":3}},"line":67},"7":{"name":"(anonymous_7)","decl":{"start":{"line":69,"column":14},"end":{"line":69,"column":15}},"loc":{"start":{"line":69,"column":24},"end":{"line":69,"column":84}},"line":69},"8":{"name":"(anonymous_8)","decl":{"start":{"line":72,"column":27},"end":{"line":72,"column":28}},"loc":{"start":{"line":72,"column":55},"end":{"line":85,"column":3}},"line":72},"9":{"name":"(anonymous_9)","decl":{"start":{"line":158,"column":12},"end":{"line":158,"column":13}},"loc":{"start":{"line":158,"column":18},"end":{"line":158,"column":20}},"line":158}},"branchMap":{"0":{"loc":{"start":{"line":28,"column":2},"end":{"line":30,"column":3}},"type":"if","locations":[{"start":{"line":28,"column":2},"end":{"line":30,"column":3}},{"start":{},"end":{}}],"line":28},"1":{"loc":{"start":{"line":31,"column":9},"end":{"line":31,"column":24}},"type":"binary-expr","locations":[{"start":{"line":31,"column":9},"end":{"line":31,"column":10}},{"start":{"line":31,"column":14},"end":{"line":31,"column":24}}],"line":31},"2":{"loc":{"start":{"line":36,"column":25},"end":{"line":36,"column":44}},"type":"default-arg","locations":[{"start":{"line":36,"column":36},"end":{"line":36,"column":44}}],"line":36},"3":{"loc":{"start":{"line":40,"column":9},"end":{"line":40,"column":29}},"type":"binary-expr","locations":[{"start":{"line":40,"column":9},"end":{"line":40,"column":21}},{"start":{"line":40,"column":25},"end":{"line":40,"column":29}}],"line":40},"4":{"loc":{"start":{"line":44,"column":6},"end":{"line":51,"column":7}},"type":"if","locations":[{"start":{"line":44,"column":6},"end":{"line":51,"column":7}},{"start":{},"end":{}}],"line":44},"5":{"loc":{"start":{"line":44,"column":10},"end":{"line":44,"column":58}},"type":"binary-expr","locations":[{"start":{"line":44,"column":10},"end":{"line":44,"column":33}},{"start":{"line":44,"column":37},"end":{"line":44,"column":58}}],"line":44},"6":{"loc":{"start":{"line":59,"column":15},"end":{"line":59,"column":33}},"type":"binary-expr","locations":[{"start":{"line":59,"column":15},"end":{"line":59,"column":27}},{"start":{"line":59,"column":31},"end":{"line":59,"column":33}}],"line":59},"7":{"loc":{"start":{"line":78,"column":15},"end":{"line":78,"column":47}},"type":"binary-expr","locations":[{"start":{"line":78,"column":15},"end":{"line":78,"column":25}},{"start":{"line":78,"column":29},"end":{"line":78,"column":41}},{"start":{"line":78,"column":45},"end":{"line":78,"column":47}}],"line":78},"8":{"loc":{"start":{"line":109,"column":11},"end":{"line":109,"column":115}},"type":"cond-expr","locations":[{"start":{"line":109,"column":24},"end":{"line":109,"column":71}},{"start":{"line":109,"column":74},"end":{"line":109,"column":115}}],"line":109}},"s":{"0":3,"1":0,"2":0,"3":0,"4":3,"5":3,"6":5,"7":5,"8":5,"9":0,"10":0,"11":0,"12":5,"13":5,"14":4,"15":5,"16":1,"17":1,"18":1,"19":5,"20":1,"21":1,"22":1,"23":5,"24":3},"f":{"0":0,"1":5,"2":0,"3":0,"4":0,"5":4,"6":1,"7":1,"8":1,"9":0},"b":{"0":[0,0],"1":[0,0],"2":[0],"3":[5,1],"4":[0,0],"5":[0,0],"6":[4,1],"7":[1,0,0],"8":[4,1]},"_coverageSchema":"1a1c01bbd47fc00a2c39e90264f33305004495a9","hash":"0ebe321ea344264acaf54adc8a678487bd935314"}
,"E:\\work\\JS-course\\gevorkyan-gevork-js-21-02\\React_homework\\at_3\\client\\src\\components\\footer\\Footer.tsx": {"path":"E:\\work\\JS-course\\gevorkyan-gevork-js-21-02\\React_homework\\at_3\\client\\src\\components\\footer\\Footer.tsx","statementMap":{"0":{"start":{"line":7,"column":2},"end":{"line":17,"column":4}}},"fnMap":{"0":{"name":"Footer","decl":{"start":{"line":6,"column":9},"end":{"line":6,"column":15}},"loc":{"start":{"line":6,"column":18},"end":{"line":18,"column":1}},"line":6}},"branchMap":{},"s":{"0":1},"f":{"0":1},"b":{},"_coverageSchema":"1a1c01bbd47fc00a2c39e90264f33305004495a9","hash":"88a7a8ed5b9d2cc7e250d8bdcb8929b22d11d9d4"}
,"E:\\work\\JS-course\\gevorkyan-gevork-js-21-02\\React_homework\\at_3\\client\\src\\components\\header\\Header.tsx": {"path":"E:\\work\\JS-course\\gevorkyan-gevork-js-21-02\\React_homework\\at_3\\client\\src\\components\\header\\Header.tsx","statementMap":{"0":{"start":{"line":8,"column":2},"end":{"line":22,"column":4}}},"fnMap":{"0":{"name":"Header","decl":{"start":{"line":7,"column":9},"end":{"line":7,"column":15}},"loc":{"start":{"line":7,"column":18},"end":{"line":23,"column":1}},"line":7}},"branchMap":{},"s":{"0":1},"f":{"0":1},"b":{},"_coverageSchema":"1a1c01bbd47fc00a2c39e90264f33305004495a9","hash":"d48f9ce2b97ef6e7a8139a999a02271f3199f14c"}
,"E:\\work\\JS-course\\gevorkyan-gevork-js-21-02\\React_homework\\at_3\\client\\src\\components\\lang-selector\\LangSelector.tsx": {"path":"E:\\work\\JS-course\\gevorkyan-gevork-js-21-02\\React_homework\\at_3\\client\\src\\components\\lang-selector\\LangSelector.tsx","statementMap":{"0":{"start":{"line":6,"column":17},"end":{"line":6,"column":36}},"1":{"start":{"line":8,"column":27},"end":{"line":10,"column":3}},"2":{"start":{"line":9,"column":4},"end":{"line":9,"column":30}},"3":{"start":{"line":12,"column":2},"end":{"line":17,"column":4}}},"fnMap":{"0":{"name":"LangSelector","decl":{"start":{"line":5,"column":9},"end":{"line":5,"column":21}},"loc":{"start":{"line":5,"column":24},"end":{"line":18,"column":1}},"line":5},"1":{"name":"(anonymous_1)","decl":{"start":{"line":8,"column":27},"end":{"line":8,"column":28}},"loc":{"start":{"line":8,"column":45},"end":{"line":10,"column":3}},"line":8}},"branchMap":{},"s":{"0":2,"1":2,"2":1,"3":2},"f":{"0":2,"1":1},"b":{},"_coverageSchema":"1a1c01bbd47fc00a2c39e90264f33305004495a9","hash":"34f4e99be49f5540aedcaedb3a52f95ac734c81a"}
,"E:\\work\\JS-course\\gevorkyan-gevork-js-21-02\\React_homework\\at_3\\client\\src\\components\\linked-avatar\\LinkedAvatar.tsx": {"path":"E:\\work\\JS-course\\gevorkyan-gevork-js-21-02\\React_homework\\at_3\\client\\src\\components\\linked-avatar\\LinkedAvatar.tsx","statementMap":{"0":{"start":{"line":7,"column":2},"end":{"line":11,"column":4}}},"fnMap":{"0":{"name":"LinkedAvatar","decl":{"start":{"line":6,"column":9},"end":{"line":6,"column":21}},"loc":{"start":{"line":6,"column":98},"end":{"line":12,"column":1}},"line":6}},"branchMap":{},"s":{"0":28},"f":{"0":28},"b":{},"_coverageSchema":"1a1c01bbd47fc00a2c39e90264f33305004495a9","hash":"70a15fc2ff20052966a9dd72425aa9065a60d35d"}
,"E:\\work\\JS-course\\gevorkyan-gevork-js-21-02\\React_homework\\at_3\\client\\src\\components\\loading\\Loading.tsx": {"path":"E:\\work\\JS-course\\gevorkyan-gevork-js-21-02\\React_homework\\at_3\\client\\src\\components\\loading\\Loading.tsx","statementMap":{"0":{"start":{"line":10,"column":2},"end":{"line":18,"column":4}}},"fnMap":{"0":{"name":"Loading","decl":{"start":{"line":9,"column":9},"end":{"line":9,"column":16}},"loc":{"start":{"line":9,"column":45},"end":{"line":19,"column":1}},"line":9}},"branchMap":{"0":{"loc":{"start":{"line":12,"column":7},"end":{"line":16,"column":7}},"type":"binary-expr","locations":[{"start":{"line":12,"column":7},"end":{"line":12,"column":16}},{"start":{"line":13,"column":8},"end":{"line":15,"column":14}}],"line":12}},"s":{"0":28},"f":{"0":28},"b":{"0":[28,1]},"_coverageSchema":"1a1c01bbd47fc00a2c39e90264f33305004495a9","hash":"24404fcb1911628d80f84a768b99ccd2b4833940"}
,"E:\\work\\JS-course\\gevorkyan-gevork-js-21-02\\React_homework\\at_3\\client\\src\\components\\login-form\\LoginForm.tsx": {"path":"E:\\work\\JS-course\\gevorkyan-gevork-js-21-02\\React_homework\\at_3\\client\\src\\components\\login-form\\LoginForm.tsx","statementMap":{"0":{"start":{"line":15,"column":15},"end":{"line":15,"column":19}},"1":{"start":{"line":18,"column":14},"end":{"line":18,"column":44}},"2":{"start":{"line":19,"column":17},"end":{"line":19,"column":31}},"3":{"start":{"line":21,"column":27},"end":{"line":23,"column":3}},"4":{"start":{"line":22,"column":4},"end":{"line":22,"column":29}},"5":{"start":{"line":25,"column":2},"end":{"line":48,"column":4}},"6":{"start":{"line":51,"column":0},"end":{"line":54,"column":2}}},"fnMap":{"0":{"name":"LoginForm","decl":{"start":{"line":17,"column":9},"end":{"line":17,"column":18}},"loc":{"start":{"line":17,"column":68},"end":{"line":49,"column":1}},"line":17},"1":{"name":"(anonymous_1)","decl":{"start":{"line":17,"column":31},"end":{"line":17,"column":32}},"loc":{"start":{"line":17,"column":37},"end":{"line":17,"column":39}},"line":17},"2":{"name":"(anonymous_2)","decl":{"start":{"line":21,"column":27},"end":{"line":21,"column":28}},"loc":{"start":{"line":21,"column":58},"end":{"line":23,"column":3}},"line":21},"3":{"name":"(anonymous_3)","decl":{"start":{"line":53,"column":12},"end":{"line":53,"column":13}},"loc":{"start":{"line":53,"column":18},"end":{"line":53,"column":20}},"line":53}},"branchMap":{"0":{"loc":{"start":{"line":17,"column":20},"end":{"line":17,"column":39}},"type":"default-arg","locations":[{"start":{"line":17,"column":31},"end":{"line":17,"column":39}}],"line":17}},"s":{"0":3,"1":5,"2":5,"3":5,"4":1,"5":5,"6":3},"f":{"0":5,"1":0,"2":1,"3":0},"b":{"0":[0]},"_coverageSchema":"1a1c01bbd47fc00a2c39e90264f33305004495a9","hash":"16a9394649ed93f4f1f527d24d02eae78888c5ac"}
,"E:\\work\\JS-course\\gevorkyan-gevork-js-21-02\\React_homework\\at_3\\client\\src\\components\\logo\\Logo.tsx": {"path":"E:\\work\\JS-course\\gevorkyan-gevork-js-21-02\\React_homework\\at_3\\client\\src\\components\\logo\\Logo.tsx","statementMap":{"0":{"start":{"line":8,"column":2},"end":{"line":15,"column":4}}},"fnMap":{"0":{"name":"Logo","decl":{"start":{"line":7,"column":9},"end":{"line":7,"column":13}},"loc":{"start":{"line":7,"column":16},"end":{"line":16,"column":1}},"line":7}},"branchMap":{},"s":{"0":1},"f":{"0":1},"b":{},"_coverageSchema":"1a1c01bbd47fc00a2c39e90264f33305004495a9","hash":"40b86b3ddd753b0b7535dc7d993e8797ba895d71"}
,"E:\\work\\JS-course\\gevorkyan-gevork-js-21-02\\React_homework\\at_3\\client\\src\\components\\main-layout\\MainLayout.tsx": {"path":"E:\\work\\JS-course\\gevorkyan-gevork-js-21-02\\React_homework\\at_3\\client\\src\\components\\main-layout\\MainLayout.tsx","statementMap":{"0":{"start":{"line":8,"column":2},"end":{"line":20,"column":4}}},"fnMap":{"0":{"name":"MainLayout","decl":{"start":{"line":7,"column":9},"end":{"line":7,"column":19}},"loc":{"start":{"line":7,"column":22},"end":{"line":21,"column":1}},"line":7}},"branchMap":{},"s":{"0":1},"f":{"0":1},"b":{},"_coverageSchema":"1a1c01bbd47fc00a2c39e90264f33305004495a9","hash":"191b7aa3e9aea888ce0202f7700a060e2389f60f"}
,"E:\\work\\JS-course\\gevorkyan-gevork-js-21-02\\React_homework\\at_3\\client\\src\\components\\menu\\Menu.tsx": {"path":"E:\\work\\JS-course\\gevorkyan-gevork-js-21-02\\React_homework\\at_3\\client\\src\\components\\menu\\Menu.tsx","statementMap":{"0":{"start":{"line":9,"column":18},"end":{"line":11,"column":1}},"1":{"start":{"line":14,"column":14},"end":{"line":14,"column":39}},"2":{"start":{"line":16,"column":2},"end":{"line":29,"column":4}}},"fnMap":{"0":{"name":"Menu","decl":{"start":{"line":13,"column":9},"end":{"line":13,"column":13}},"loc":{"start":{"line":13,"column":16},"end":{"line":30,"column":1}},"line":13}},"branchMap":{},"s":{"0":3,"1":1,"2":1},"f":{"0":1},"b":{},"_coverageSchema":"1a1c01bbd47fc00a2c39e90264f33305004495a9","hash":"c6c8bdf139e12d86b5c7830dcf742411002a9be6"}
,"E:\\work\\JS-course\\gevorkyan-gevork-js-21-02\\React_homework\\at_3\\client\\src\\components\\modal\\Modal.tsx": {"path":"E:\\work\\JS-course\\gevorkyan-gevork-js-21-02\\React_homework\\at_3\\client\\src\\components\\modal\\Modal.tsx","statementMap":{"0":{"start":{"line":15,"column":22},"end":{"line":17,"column":3}},"1":{"start":{"line":16,"column":4},"end":{"line":16,"column":14}},"2":{"start":{"line":19,"column":2},"end":{"line":29,"column":4}},"3":{"start":{"line":32,"column":0},"end":{"line":37,"column":2}}},"fnMap":{"0":{"name":"Modal","decl":{"start":{"line":14,"column":9},"end":{"line":14,"column":14}},"loc":{"start":{"line":14,"column":85},"end":{"line":30,"column":1}},"line":14},"1":{"name":"(anonymous_1)","decl":{"start":{"line":14,"column":44},"end":{"line":14,"column":45}},"loc":{"start":{"line":14,"column":50},"end":{"line":14,"column":52}},"line":14},"2":{"name":"(anonymous_2)","decl":{"start":{"line":15,"column":22},"end":{"line":15,"column":23}},"loc":{"start":{"line":15,"column":28},"end":{"line":17,"column":3}},"line":15},"3":{"name":"(anonymous_3)","decl":{"start":{"line":34,"column":11},"end":{"line":34,"column":12}},"loc":{"start":{"line":34,"column":17},"end":{"line":34,"column":19}},"line":34}},"branchMap":{"0":{"loc":{"start":{"line":14,"column":34},"end":{"line":14,"column":52}},"type":"default-arg","locations":[{"start":{"line":14,"column":44},"end":{"line":14,"column":52}}],"line":14},"1":{"loc":{"start":{"line":20,"column":29},"end":{"line":20,"column":56}},"type":"cond-expr","locations":[{"start":{"line":20,"column":38},"end":{"line":20,"column":40}},{"start":{"line":20,"column":43},"end":{"line":20,"column":56}}],"line":20},"2":{"loc":{"start":{"line":27,"column":7},"end":{"line":27,"column":100}},"type":"binary-expr","locations":[{"start":{"line":27,"column":7},"end":{"line":27,"column":14}},{"start":{"line":27,"column":18},"end":{"line":27,"column":100}}],"line":27}},"s":{"0":7,"1":1,"2":7,"3":3},"f":{"0":7,"1":0,"2":1,"3":0},"b":{"0":[0],"1":[4,3],"2":[7,1]},"_coverageSchema":"1a1c01bbd47fc00a2c39e90264f33305004495a9","hash":"42bfedd7c7add3225e2580af01ee1681b594e030"}
,"E:\\work\\JS-course\\gevorkyan-gevork-js-21-02\\React_homework\\at_3\\client\\src\\components\\post-card\\PostCard.tsx": {"path":"E:\\work\\JS-course\\gevorkyan-gevork-js-21-02\\React_homework\\at_3\\client\\src\\components\\post-card\\PostCard.tsx","statementMap":{"0":{"start":{"line":19,"column":48},"end":{"line":19,"column":52}},"1":{"start":{"line":20,"column":39},"end":{"line":20,"column":44}},"2":{"start":{"line":21,"column":15},"end":{"line":21,"column":68}},"3":{"start":{"line":22,"column":23},"end":{"line":22,"column":62}},"4":{"start":{"line":23,"column":27},"end":{"line":23,"column":79}},"5":{"start":{"line":24,"column":25},"end":{"line":24,"column":60}},"6":{"start":{"line":26,"column":2},"end":{"line":50,"column":4}},"7":{"start":{"line":35,"column":37},"end":{"line":35,"column":102}},"8":{"start":{"line":53,"column":0},"end":{"line":58,"column":2}}},"fnMap":{"0":{"name":"PostCard","decl":{"start":{"line":18,"column":9},"end":{"line":18,"column":17}},"loc":{"start":{"line":18,"column":96},"end":{"line":51,"column":1}},"line":18},"1":{"name":"(anonymous_1)","decl":{"start":{"line":35,"column":31},"end":{"line":35,"column":32}},"loc":{"start":{"line":35,"column":37},"end":{"line":35,"column":102}},"line":35},"2":{"name":"(anonymous_2)","decl":{"start":{"line":56,"column":18},"end":{"line":56,"column":19}},"loc":{"start":{"line":56,"column":24},"end":{"line":56,"column":26}},"line":56}},"branchMap":{"0":{"loc":{"start":{"line":18,"column":19},"end":{"line":18,"column":34}},"type":"default-arg","locations":[{"start":{"line":18,"column":29},"end":{"line":18,"column":34}}],"line":18},"1":{"loc":{"start":{"line":18,"column":65},"end":{"line":18,"column":82}},"type":"default-arg","locations":[{"start":{"line":18,"column":77},"end":{"line":18,"column":82}}],"line":18},"2":{"loc":{"start":{"line":27,"column":37},"end":{"line":27,"column":73}},"type":"cond-expr","locations":[{"start":{"line":27,"column":47},"end":{"line":27,"column":68}},{"start":{"line":27,"column":71},"end":{"line":27,"column":73}}],"line":27},"3":{"loc":{"start":{"line":27,"column":77},"end":{"line":27,"column":108}},"type":"cond-expr","locations":[{"start":{"line":27,"column":85},"end":{"line":27,"column":103}},{"start":{"line":27,"column":106},"end":{"line":27,"column":108}}],"line":27},"4":{"loc":{"start":{"line":29,"column":40},"end":{"line":29,"column":77}},"type":"cond-expr","locations":[{"start":{"line":29,"column":50},"end":{"line":29,"column":72}},{"start":{"line":29,"column":75},"end":{"line":29,"column":77}}],"line":29},"5":{"loc":{"start":{"line":35,"column":37},"end":{"line":35,"column":102}},"type":"binary-expr","locations":[{"start":{"line":35,"column":37},"end":{"line":35,"column":85}},{"start":{"line":35,"column":89},"end":{"line":35,"column":102}}],"line":35},"6":{"loc":{"start":{"line":44,"column":50},"end":{"line":44,"column":103}},"type":"cond-expr","locations":[{"start":{"line":44,"column":60},"end":{"line":44,"column":81}},{"start":{"line":44,"column":84},"end":{"line":44,"column":103}}],"line":44},"7":{"loc":{"start":{"line":48,"column":44},"end":{"line":48,"column":87}},"type":"binary-expr","locations":[{"start":{"line":48,"column":44},"end":{"line":48,"column":49}},{"start":{"line":48,"column":53},"end":{"line":48,"column":67}},{"start":{"line":48,"column":71},"end":{"line":48,"column":87}}],"line":48}},"s":{"0":29,"1":29,"2":29,"3":29,"4":29,"5":29,"6":29,"7":0,"8":3},"f":{"0":29,"1":0,"2":1},"b":{"0":[0],"1":[0],"2":[11,18],"3":[4,25],"4":[11,18],"5":[0,0],"6":[11,18],"7":[29,4,4]},"_coverageSchema":"1a1c01bbd47fc00a2c39e90264f33305004495a9","hash":"b5722e74bea201ce14c4ecec4fc7ae73781ae6c9"}
,"E:\\work\\JS-course\\gevorkyan-gevork-js-21-02\\React_homework\\at_3\\client\\src\\components\\reg-form\\RegForm.tsx": {"path":"E:\\work\\JS-course\\gevorkyan-gevork-js-21-02\\React_homework\\at_3\\client\\src\\components\\reg-form\\RegForm.tsx","statementMap":{"0":{"start":{"line":21,"column":15},"end":{"line":21,"column":19}},"1":{"start":{"line":24,"column":14},"end":{"line":24,"column":42}},"2":{"start":{"line":25,"column":17},"end":{"line":25,"column":31}},"3":{"start":{"line":27,"column":27},"end":{"line":36,"column":3}},"4":{"start":{"line":28,"column":43},"end":{"line":28,"column":54}},"5":{"start":{"line":29,"column":21},"end":{"line":29,"column":50}},"6":{"start":{"line":30,"column":39},"end":{"line":34,"column":5}},"7":{"start":{"line":35,"column":4},"end":{"line":35,"column":22}},"8":{"start":{"line":38,"column":2},"end":{"line":106,"column":4}},"9":{"start":{"line":109,"column":0},"end":{"line":112,"column":2}}},"fnMap":{"0":{"name":"RegForm","decl":{"start":{"line":23,"column":9},"end":{"line":23,"column":16}},"loc":{"start":{"line":23,"column":64},"end":{"line":107,"column":1}},"line":23},"1":{"name":"(anonymous_1)","decl":{"start":{"line":23,"column":38},"end":{"line":23,"column":39}},"loc":{"start":{"line":23,"column":44},"end":{"line":23,"column":46}},"line":23},"2":{"name":"(anonymous_2)","decl":{"start":{"line":27,"column":27},"end":{"line":27,"column":28}},"loc":{"start":{"line":27,"column":63},"end":{"line":36,"column":3}},"line":27},"3":{"name":"(anonymous_3)","decl":{"start":{"line":111,"column":12},"end":{"line":111,"column":13}},"loc":{"start":{"line":111,"column":18},"end":{"line":111,"column":20}},"line":111}},"branchMap":{"0":{"loc":{"start":{"line":23,"column":27},"end":{"line":23,"column":46}},"type":"default-arg","locations":[{"start":{"line":23,"column":38},"end":{"line":23,"column":46}}],"line":23}},"s":{"0":3,"1":4,"2":4,"3":4,"4":1,"5":1,"6":1,"7":1,"8":4,"9":3},"f":{"0":4,"1":0,"2":1,"3":0},"b":{"0":[0]},"_coverageSchema":"1a1c01bbd47fc00a2c39e90264f33305004495a9","hash":"fe82dbe5ca4d06aa1ac6b0ac4085ed501f0581c1"}
,"E:\\work\\JS-course\\gevorkyan-gevork-js-21-02\\React_homework\\at_3\\client\\src\\components\\routes\\Routes.tsx": {"path":"E:\\work\\JS-course\\gevorkyan-gevork-js-21-02\\React_homework\\at_3\\client\\src\\components\\routes\\Routes.tsx","statementMap":{"0":{"start":{"line":24,"column":14},"end":{"line":24,"column":45}},"1":{"start":{"line":25,"column":17},"end":{"line":25,"column":52}},"2":{"start":{"line":27,"column":2},"end":{"line":94,"column":4}},"3":{"start":{"line":32,"column":59},"end":{"line":32,"column":68}},"4":{"start":{"line":33,"column":66},"end":{"line":33,"column":82}},"5":{"start":{"line":41,"column":51},"end":{"line":41,"column":70}},"6":{"start":{"line":51,"column":10},"end":{"line":58,"column":11}},"7":{"start":{"line":69,"column":10},"end":{"line":72,"column":13}},"8":{"start":{"line":75,"column":59},"end":{"line":75,"column":68}},"9":{"start":{"line":76,"column":56},"end":{"line":76,"column":65}},"10":{"start":{"line":85,"column":10},"end":{"line":88,"column":13}},"11":{"start":{"line":91,"column":57},"end":{"line":91,"column":112}},"12":{"start":{"line":92,"column":27},"end":{"line":92,"column":80}}},"fnMap":{"0":{"name":"Routes","decl":{"start":{"line":23,"column":9},"end":{"line":23,"column":15}},"loc":{"start":{"line":23,"column":18},"end":{"line":95,"column":1}},"line":23},"1":{"name":"(anonymous_1)","decl":{"start":{"line":32,"column":53},"end":{"line":32,"column":54}},"loc":{"start":{"line":32,"column":59},"end":{"line":32,"column":68}},"line":32},"2":{"name":"(anonymous_2)","decl":{"start":{"line":33,"column":60},"end":{"line":33,"column":61}},"loc":{"start":{"line":33,"column":66},"end":{"line":33,"column":82}},"line":33},"3":{"name":"(anonymous_3)","decl":{"start":{"line":37,"column":16},"end":{"line":37,"column":17}},"loc":{"start":{"line":41,"column":51},"end":{"line":41,"column":70}},"line":41},"4":{"name":"(anonymous_4)","decl":{"start":{"line":46,"column":16},"end":{"line":46,"column":17}},"loc":{"start":{"line":51,"column":10},"end":{"line":58,"column":11}},"line":51},"5":{"name":"(anonymous_5)","decl":{"start":{"line":64,"column":16},"end":{"line":64,"column":17}},"loc":{"start":{"line":69,"column":10},"end":{"line":72,"column":13}},"line":69},"6":{"name":"(anonymous_6)","decl":{"start":{"line":75,"column":53},"end":{"line":75,"column":54}},"loc":{"start":{"line":75,"column":59},"end":{"line":75,"column":68}},"line":75},"7":{"name":"(anonymous_7)","decl":{"start":{"line":76,"column":50},"end":{"line":76,"column":51}},"loc":{"start":{"line":76,"column":56},"end":{"line":76,"column":65}},"line":76},"8":{"name":"(anonymous_8)","decl":{"start":{"line":80,"column":16},"end":{"line":80,"column":17}},"loc":{"start":{"line":85,"column":10},"end":{"line":88,"column":13}},"line":85},"9":{"name":"(anonymous_9)","decl":{"start":{"line":91,"column":51},"end":{"line":91,"column":52}},"loc":{"start":{"line":91,"column":57},"end":{"line":91,"column":112}},"line":91},"10":{"name":"(anonymous_10)","decl":{"start":{"line":92,"column":21},"end":{"line":92,"column":22}},"loc":{"start":{"line":92,"column":27},"end":{"line":92,"column":80}},"line":92}},"branchMap":{"0":{"loc":{"start":{"line":51,"column":10},"end":{"line":58,"column":11}},"type":"cond-expr","locations":[{"start":{"line":52,"column":12},"end":{"line":55,"column":15}},{"start":{"line":57,"column":12},"end":{"line":57,"column":46}}],"line":51}},"s":{"0":13,"1":13,"2":13,"3":2,"4":1,"5":1,"6":2,"7":1,"8":1,"9":1,"10":1,"11":2,"12":1},"f":{"0":13,"1":2,"2":1,"3":1,"4":2,"5":1,"6":1,"7":1,"8":1,"9":2,"10":1},"b":{"0":[1,1]},"_coverageSchema":"1a1c01bbd47fc00a2c39e90264f33305004495a9","hash":"094b05ad8b214ae18dd26f5f544bf19f6058c975"}
,"E:\\work\\JS-course\\gevorkyan-gevork-js-21-02\\React_homework\\at_3\\client\\src\\components\\scroll-to-top\\ScrollToTop.tsx": {"path":"E:\\work\\JS-course\\gevorkyan-gevork-js-21-02\\React_homework\\at_3\\client\\src\\components\\scroll-to-top\\ScrollToTop.tsx","statementMap":{"0":{"start":{"line":5,"column":21},"end":{"line":5,"column":34}},"1":{"start":{"line":6,"column":2},"end":{"line":8,"column":17}},"2":{"start":{"line":7,"column":4},"end":{"line":7,"column":26}},"3":{"start":{"line":9,"column":2},"end":{"line":9,"column":14}}},"fnMap":{"0":{"name":"ScrollToTop","decl":{"start":{"line":4,"column":9},"end":{"line":4,"column":20}},"loc":{"start":{"line":4,"column":23},"end":{"line":10,"column":1}},"line":4},"1":{"name":"(anonymous_1)","decl":{"start":{"line":6,"column":12},"end":{"line":6,"column":13}},"loc":{"start":{"line":6,"column":18},"end":{"line":8,"column":3}},"line":6}},"branchMap":{},"s":{"0":3,"1":3,"2":2,"3":3},"f":{"0":3,"1":2},"b":{},"_coverageSchema":"1a1c01bbd47fc00a2c39e90264f33305004495a9","hash":"49545b6ee01dc6d72a00a4328a5370d92d94354d"}
,"E:\\work\\JS-course\\gevorkyan-gevork-js-21-02\\React_homework\\at_3\\client\\src\\components\\submit-button\\SubmitButton.tsx": {"path":"E:\\work\\JS-course\\gevorkyan-gevork-js-21-02\\React_homework\\at_3\\client\\src\\components\\submit-button\\SubmitButton.tsx","statementMap":{"0":{"start":{"line":11,"column":2},"end":{"line":15,"column":4}},"1":{"start":{"line":18,"column":0},"end":{"line":21,"column":2}}},"fnMap":{"0":{"name":"SubmitButton","decl":{"start":{"line":10,"column":9},"end":{"line":10,"column":21}},"loc":{"start":{"line":10,"column":63},"end":{"line":16,"column":1}},"line":10}},"branchMap":{},"s":{"0":10,"1":6},"f":{"0":10},"b":{},"_coverageSchema":"1a1c01bbd47fc00a2c39e90264f33305004495a9","hash":"cc9647c64222d925c8b2bc36409f523a217baebc"}
,"E:\\work\\JS-course\\gevorkyan-gevork-js-21-02\\React_homework\\at_3\\client\\src\\components\\theme-switcher\\ThemeSwitcher.tsx": {"path":"E:\\work\\JS-course\\gevorkyan-gevork-js-21-02\\React_homework\\at_3\\client\\src\\components\\theme-switcher\\ThemeSwitcher.tsx","statementMap":{"0":{"start":{"line":8,"column":23},"end":{"line":8,"column":47}},"1":{"start":{"line":9,"column":16},"end":{"line":9,"column":29}},"2":{"start":{"line":10,"column":14},"end":{"line":10,"column":40}},"3":{"start":{"line":12,"column":28},"end":{"line":20,"column":3}},"4":{"start":{"line":13,"column":23},"end":{"line":13,"column":35}},"5":{"start":{"line":15,"column":4},"end":{"line":19,"column":5}},"6":{"start":{"line":16,"column":6},"end":{"line":16,"column":27}},"7":{"start":{"line":18,"column":6},"end":{"line":18,"column":28}},"8":{"start":{"line":22,"column":2},"end":{"line":30,"column":4}}},"fnMap":{"0":{"name":"ThemeSwitcher","decl":{"start":{"line":7,"column":9},"end":{"line":7,"column":22}},"loc":{"start":{"line":7,"column":25},"end":{"line":31,"column":1}},"line":7},"1":{"name":"(anonymous_1)","decl":{"start":{"line":12,"column":28},"end":{"line":12,"column":29}},"loc":{"start":{"line":12,"column":50},"end":{"line":20,"column":3}},"line":12}},"branchMap":{"0":{"loc":{"start":{"line":15,"column":4},"end":{"line":19,"column":5}},"type":"if","locations":[{"start":{"line":15,"column":4},"end":{"line":19,"column":5}},{"start":{"line":17,"column":11},"end":{"line":19,"column":5}}],"line":15}},"s":{"0":4,"1":4,"2":4,"3":4,"4":2,"5":2,"6":1,"7":1,"8":4},"f":{"0":4,"1":2},"b":{"0":[1,1]},"_coverageSchema":"1a1c01bbd47fc00a2c39e90264f33305004495a9","hash":"104712c7c5fc9ab2c1b0f2d4ed1e01172b2fd56c"}
,"E:\\work\\JS-course\\gevorkyan-gevork-js-21-02\\React_homework\\at_3\\client\\src\\components\\upload-button\\UploadButton.tsx": {"path":"E:\\work\\JS-course\\gevorkyan-gevork-js-21-02\\React_homework\\at_3\\client\\src\\components\\upload-button\\UploadButton.tsx","statementMap":{"0":{"start":{"line":7,"column":14},"end":{"line":7,"column":28}},"1":{"start":{"line":10,"column":2},"end":{"line":15,"column":4}}},"fnMap":{"0":{"name":"UploadButton","decl":{"start":{"line":9,"column":9},"end":{"line":9,"column":21}},"loc":{"start":{"line":9,"column":53},"end":{"line":16,"column":1}},"line":9}},"branchMap":{"0":{"loc":{"start":{"line":12,"column":7},"end":{"line":12,"column":55}},"type":"cond-expr","locations":[{"start":{"line":12,"column":17},"end":{"line":12,"column":36}},{"start":{"line":12,"column":39},"end":{"line":12,"column":55}}],"line":12}},"s":{"0":4,"1":3},"f":{"0":3},"b":{"0":[0,3]},"_coverageSchema":"1a1c01bbd47fc00a2c39e90264f33305004495a9","hash":"0cd1efff47170f3f029ae7eb8516870562ae48d6"}
,"E:\\work\\JS-course\\gevorkyan-gevork-js-21-02\\React_homework\\at_3\\client\\src\\components\\user-card\\UserCard.tsx": {"path":"E:\\work\\JS-course\\gevorkyan-gevork-js-21-02\\React_homework\\at_3\\client\\src\\components\\user-card\\UserCard.tsx","statementMap":{"0":{"start":{"line":12,"column":48},"end":{"line":12,"column":52}},"1":{"start":{"line":13,"column":15},"end":{"line":13,"column":68}},"2":{"start":{"line":15,"column":2},"end":{"line":26,"column":4}},"3":{"start":{"line":21,"column":33},"end":{"line":21,"column":92}}},"fnMap":{"0":{"name":"UserCard","decl":{"start":{"line":11,"column":9},"end":{"line":11,"column":17}},"loc":{"start":{"line":11,"column":42},"end":{"line":27,"column":1}},"line":11},"1":{"name":"(anonymous_1)","decl":{"start":{"line":21,"column":27},"end":{"line":21,"column":28}},"loc":{"start":{"line":21,"column":33},"end":{"line":21,"column":92}},"line":21}},"branchMap":{"0":{"loc":{"start":{"line":17,"column":7},"end":{"line":17,"column":113}},"type":"cond-expr","locations":[{"start":{"line":17,"column":17},"end":{"line":17,"column":76}},{"start":{"line":17,"column":79},"end":{"line":17,"column":113}}],"line":17},"1":{"loc":{"start":{"line":21,"column":33},"end":{"line":21,"column":92}},"type":"binary-expr","locations":[{"start":{"line":21,"column":33},"end":{"line":21,"column":75}},{"start":{"line":21,"column":79},"end":{"line":21,"column":92}}],"line":21}},"s":{"0":8,"1":8,"2":8,"3":0},"f":{"0":8,"1":0},"b":{"0":[1,7],"1":[0,0]},"_coverageSchema":"1a1c01bbd47fc00a2c39e90264f33305004495a9","hash":"df9c3a97699d93d8e10a2639443a04127734bd96"}
,"E:\\work\\JS-course\\gevorkyan-gevork-js-21-02\\React_homework\\at_3\\client\\src\\components\\user-preview\\UserPreview.tsx": {"path":"E:\\work\\JS-course\\gevorkyan-gevork-js-21-02\\React_homework\\at_3\\client\\src\\components\\user-preview\\UserPreview.tsx","statementMap":{"0":{"start":{"line":17,"column":14},"end":{"line":17,"column":42}},"1":{"start":{"line":18,"column":101},"end":{"line":18,"column":105}},"2":{"start":{"line":19,"column":15},"end":{"line":19,"column":68}},"3":{"start":{"line":20,"column":27},"end":{"line":20,"column":64}},"4":{"start":{"line":22,"column":2},"end":{"line":56,"column":4}}},"fnMap":{"0":{"name":"UserPreview","decl":{"start":{"line":16,"column":9},"end":{"line":16,"column":20}},"loc":{"start":{"line":16,"column":67},"end":{"line":57,"column":1}},"line":16}},"branchMap":{"0":{"loc":{"start":{"line":25,"column":7},"end":{"line":25,"column":119}},"type":"cond-expr","locations":[{"start":{"line":25,"column":17},"end":{"line":25,"column":79}},{"start":{"line":25,"column":82},"end":{"line":25,"column":119}}],"line":25},"1":{"loc":{"start":{"line":47,"column":7},"end":{"line":54,"column":7}},"type":"binary-expr","locations":[{"start":{"line":47,"column":7},"end":{"line":47,"column":13}},{"start":{"line":48,"column":8},"end":{"line":53,"column":14}}],"line":47}},"s":{"0":7,"1":7,"2":7,"3":7,"4":7},"f":{"0":7},"b":{"0":[4,3],"1":[7,1]},"_coverageSchema":"1a1c01bbd47fc00a2c39e90264f33305004495a9","hash":"27e3a9450cb0f0a92caa612159b39614908ace9c"}
,"E:\\work\\JS-course\\gevorkyan-gevork-js-21-02\\React_homework\\at_3\\client\\src\\context\\ThemeContext.tsx": {"path":"E:\\work\\JS-course\\gevorkyan-gevork-js-21-02\\React_homework\\at_3\\client\\src\\context\\ThemeContext.tsx","statementMap":{"0":{"start":{"line":22,"column":21},"end":{"line":25,"column":2}},"1":{"start":{"line":29,"column":4},"end":{"line":29,"column":17}},"2":{"start":{"line":31,"column":4},"end":{"line":33,"column":6}},"3":{"start":{"line":35,"column":4},"end":{"line":35,"column":63}},"4":{"start":{"line":39,"column":25},"end":{"line":39,"column":35}},"5":{"start":{"line":40,"column":24},"end":{"line":40,"column":84}},"6":{"start":{"line":42,"column":4},"end":{"line":44,"column":7}},"7":{"start":{"line":43,"column":6},"end":{"line":43,"column":53}},"8":{"start":{"line":48,"column":25},"end":{"line":48,"column":35}},"9":{"start":{"line":49,"column":20},"end":{"line":49,"column":30}},"10":{"start":{"line":50,"column":4},"end":{"line":50,"column":48}},"11":{"start":{"line":52,"column":4},"end":{"line":54,"column":7}},"12":{"start":{"line":53,"column":6},"end":{"line":53,"column":47}},"13":{"start":{"line":55,"column":4},"end":{"line":55,"column":44}},"14":{"start":{"line":59,"column":20},"end":{"line":59,"column":30}},"15":{"start":{"line":60,"column":23},"end":{"line":60,"column":33}},"16":{"start":{"line":62,"column":4},"end":{"line":62,"column":119}}},"fnMap":{"0":{"name":"(anonymous_0)","decl":{"start":{"line":24,"column":12},"end":{"line":24,"column":13}},"loc":{"start":{"line":24,"column":18},"end":{"line":24,"column":20}},"line":24},"1":{"name":"(anonymous_1)","decl":{"start":{"line":28,"column":2},"end":{"line":28,"column":3}},"loc":{"start":{"line":28,"column":42},"end":{"line":36,"column":3}},"line":28},"2":{"name":"(anonymous_2)","decl":{"start":{"line":38,"column":2},"end":{"line":38,"column":3}},"loc":{"start":{"line":38,"column":28},"end":{"line":45,"column":3}},"line":38},"3":{"name":"(anonymous_3)","decl":{"start":{"line":42,"column":40},"end":{"line":42,"column":41}},"loc":{"start":{"line":42,"column":46},"end":{"line":44,"column":5}},"line":42},"4":{"name":"(anonymous_4)","decl":{"start":{"line":47,"column":2},"end":{"line":47,"column":3}},"loc":{"start":{"line":47,"column":34},"end":{"line":56,"column":3}},"line":47},"5":{"name":"(anonymous_5)","decl":{"start":{"line":52,"column":34},"end":{"line":52,"column":35}},"loc":{"start":{"line":52,"column":40},"end":{"line":54,"column":5}},"line":52},"6":{"name":"(anonymous_6)","decl":{"start":{"line":58,"column":2},"end":{"line":58,"column":3}},"loc":{"start":{"line":58,"column":11},"end":{"line":63,"column":3}},"line":58}},"branchMap":{"0":{"loc":{"start":{"line":40,"column":24},"end":{"line":40,"column":84}},"type":"binary-expr","locations":[{"start":{"line":40,"column":25},"end":{"line":40,"column":66}},{"start":{"line":40,"column":71},"end":{"line":40,"column":84}}],"line":40}},"s":{"0":4,"1":2,"2":2,"3":2,"4":2,"5":2,"6":2,"7":2,"8":2,"9":2,"10":2,"11":2,"12":2,"13":2,"14":4,"15":4,"16":4},"f":{"0":0,"1":2,"2":2,"3":2,"4":2,"5":2,"6":4},"b":{"0":[2,2]},"_coverageSchema":"1a1c01bbd47fc00a2c39e90264f33305004495a9","hash":"64154f3fe19b2ec904eec37a4479d1d079935e91"}
,"E:\\work\\JS-course\\gevorkyan-gevork-js-21-02\\React_homework\\at_3\\client\\src\\enums\\index.ts": {"path":"E:\\work\\JS-course\\gevorkyan-gevork-js-21-02\\React_homework\\at_3\\client\\src\\enums\\index.ts","statementMap":{},"fnMap":{},"branchMap":{},"s":{},"f":{},"b":{},"_coverageSchema":"1a1c01bbd47fc00a2c39e90264f33305004495a9","hash":"610d4e19f655942de803f34df03a3f199cfe490c"}
,"E:\\work\\JS-course\\gevorkyan-gevork-js-21-02\\React_homework\\at_3\\client\\src\\enums\\routes.ts": {"path":"E:\\work\\JS-course\\gevorkyan-gevork-js-21-02\\React_homework\\at_3\\client\\src\\enums\\routes.ts","statementMap":{},"fnMap":{},"branchMap":{},"s":{},"f":{},"b":{},"_coverageSchema":"1a1c01bbd47fc00a2c39e90264f33305004495a9","hash":"725f51cd1f1fb07abf55dd1f91ddab7fd6463227"}
,"E:\\work\\JS-course\\gevorkyan-gevork-js-21-02\\React_homework\\at_3\\client\\src\\enums\\server.ts": {"path":"E:\\work\\JS-course\\gevorkyan-gevork-js-21-02\\React_homework\\at_3\\client\\src\\enums\\server.ts","statementMap":{},"fnMap":{},"branchMap":{},"s":{},"f":{},"b":{},"_coverageSchema":"1a1c01bbd47fc00a2c39e90264f33305004495a9","hash":"4f75f07b90df406d1b2dccb4a12a79cec675be0c"}
,"E:\\work\\JS-course\\gevorkyan-gevork-js-21-02\\React_homework\\at_3\\client\\src\\forms\\edit\\Edit.tsx": {"path":"E:\\work\\JS-course\\gevorkyan-gevork-js-21-02\\React_homework\\at_3\\client\\src\\forms\\edit\\Edit.tsx","statementMap":{"0":{"start":{"line":12,"column":19},"end":{"line":12,"column":35}},"1":{"start":{"line":13,"column":18},"end":{"line":13,"column":61}},"2":{"start":{"line":14,"column":20},"end":{"line":14,"column":62}},"3":{"start":{"line":15,"column":18},"end":{"line":15,"column":58}},"4":{"start":{"line":16,"column":17},"end":{"line":16,"column":55}},"5":{"start":{"line":18,"column":18},"end":{"line":18,"column":30}},"6":{"start":{"line":19,"column":27},"end":{"line":23,"column":3}},"7":{"start":{"line":20,"column":23},"end":{"line":20,"column":39}},"8":{"start":{"line":21,"column":20},"end":{"line":21,"column":68}},"9":{"start":{"line":22,"column":4},"end":{"line":22,"column":26}},"10":{"start":{"line":25,"column":27},"end":{"line":28,"column":3}},"11":{"start":{"line":26,"column":4},"end":{"line":26,"column":42}},"12":{"start":{"line":27,"column":4},"end":{"line":27,"column":23}},"13":{"start":{"line":30,"column":2},"end":{"line":34,"column":4}}},"fnMap":{"0":{"name":"Edit","decl":{"start":{"line":11,"column":9},"end":{"line":11,"column":13}},"loc":{"start":{"line":11,"column":16},"end":{"line":35,"column":1}},"line":11},"1":{"name":"(anonymous_1)","decl":{"start":{"line":19,"column":27},"end":{"line":19,"column":28}},"loc":{"start":{"line":19,"column":33},"end":{"line":23,"column":3}},"line":19},"2":{"name":"(anonymous_2)","decl":{"start":{"line":25,"column":27},"end":{"line":25,"column":28}},"loc":{"start":{"line":25,"column":50},"end":{"line":28,"column":3}},"line":25}},"branchMap":{},"s":{"0":1,"1":1,"2":1,"3":1,"4":1,"5":1,"6":1,"7":0,"8":0,"9":0,"10":1,"11":0,"12":0,"13":1},"f":{"0":1,"1":0,"2":0},"b":{},"_coverageSchema":"1a1c01bbd47fc00a2c39e90264f33305004495a9","hash":"6c111fc0989d3a94dc1c6eca6a888e3f5c34e20f"}
,"E:\\work\\JS-course\\gevorkyan-gevork-js-21-02\\React_homework\\at_3\\client\\src\\forms\\login\\Login.tsx": {"path":"E:\\work\\JS-course\\gevorkyan-gevork-js-21-02\\React_homework\\at_3\\client\\src\\forms\\login\\Login.tsx","statementMap":{"0":{"start":{"line":12,"column":14},"end":{"line":12,"column":44}},"1":{"start":{"line":13,"column":19},"end":{"line":13,"column":35}},"2":{"start":{"line":14,"column":18},"end":{"line":14,"column":30}},"3":{"start":{"line":15,"column":17},"end":{"line":15,"column":56}},"4":{"start":{"line":16,"column":17},"end":{"line":16,"column":52}},"5":{"start":{"line":17,"column":20},"end":{"line":17,"column":62}},"6":{"start":{"line":18,"column":18},"end":{"line":18,"column":58}},"7":{"start":{"line":19,"column":17},"end":{"line":19,"column":55}},"8":{"start":{"line":21,"column":22},"end":{"line":23,"column":3}},"9":{"start":{"line":22,"column":4},"end":{"line":22,"column":39}},"10":{"start":{"line":25,"column":2},"end":{"line":29,"column":32}},"11":{"start":{"line":26,"column":4},"end":{"line":28,"column":5}},"12":{"start":{"line":27,"column":6},"end":{"line":27,"column":58}},"13":{"start":{"line":31,"column":2},"end":{"line":36,"column":4}},"14":{"start":{"line":32,"column":10},"end":{"line":34,"column":5}},"15":{"start":{"line":33,"column":6},"end":{"line":33,"column":43}},"16":{"start":{"line":38,"column":2},"end":{"line":42,"column":4}}},"fnMap":{"0":{"name":"Login","decl":{"start":{"line":11,"column":9},"end":{"line":11,"column":14}},"loc":{"start":{"line":11,"column":17},"end":{"line":43,"column":1}},"line":11},"1":{"name":"(anonymous_1)","decl":{"start":{"line":21,"column":22},"end":{"line":21,"column":23}},"loc":{"start":{"line":21,"column":38},"end":{"line":23,"column":3}},"line":21},"2":{"name":"(anonymous_2)","decl":{"start":{"line":25,"column":12},"end":{"line":25,"column":13}},"loc":{"start":{"line":25,"column":18},"end":{"line":29,"column":3}},"line":25},"3":{"name":"(anonymous_3)","decl":{"start":{"line":32,"column":4},"end":{"line":32,"column":5}},"loc":{"start":{"line":32,"column":10},"end":{"line":34,"column":5}},"line":32},"4":{"name":"(anonymous_4)","decl":{"start":{"line":32,"column":10},"end":{"line":32,"column":11}},"loc":{"start":{"line":32,"column":16},"end":{"line":34,"column":5}},"line":32}},"branchMap":{"0":{"loc":{"start":{"line":26,"column":4},"end":{"line":28,"column":5}},"type":"if","locations":[{"start":{"line":26,"column":4},"end":{"line":28,"column":5}},{"start":{},"end":{}}],"line":26}},"s":{"0":2,"1":2,"2":2,"3":2,"4":2,"5":2,"6":2,"7":2,"8":2,"9":0,"10":2,"11":1,"12":0,"13":2,"14":1,"15":0,"16":2},"f":{"0":2,"1":0,"2":1,"3":1,"4":0},"b":{"0":[0,1]},"_coverageSchema":"1a1c01bbd47fc00a2c39e90264f33305004495a9","hash":"f89448e526a8d075bfc539b2851979255a8e5da2"}
,"E:\\work\\JS-course\\gevorkyan-gevork-js-21-02\\React_homework\\at_3\\client\\src\\forms\\page-error\\PageError.tsx": {"path":"E:\\work\\JS-course\\gevorkyan-gevork-js-21-02\\React_homework\\at_3\\client\\src\\forms\\page-error\\PageError.tsx","statementMap":{"0":{"start":{"line":10,"column":2},"end":{"line":14,"column":4}}},"fnMap":{"0":{"name":"PageError","decl":{"start":{"line":9,"column":9},"end":{"line":9,"column":18}},"loc":{"start":{"line":9,"column":51},"end":{"line":15,"column":1}},"line":9}},"branchMap":{},"s":{"0":3},"f":{"0":3},"b":{},"_coverageSchema":"1a1c01bbd47fc00a2c39e90264f33305004495a9","hash":"cdf7c57d7fcd8ad79b4df7c618af364c0e952522"}
,"E:\\work\\JS-course\\gevorkyan-gevork-js-21-02\\React_homework\\at_3\\client\\src\\forms\\post\\Post.tsx": {"path":"E:\\work\\JS-course\\gevorkyan-gevork-js-21-02\\React_homework\\at_3\\client\\src\\forms\\post\\Post.tsx","statementMap":{"0":{"start":{"line":18,"column":26},"end":{"line":18,"column":27}},"1":{"start":{"line":20,"column":19},"end":{"line":20,"column":35}},"2":{"start":{"line":21,"column":15},"end":{"line":21,"column":52}},"3":{"start":{"line":22,"column":24},"end":{"line":22,"column":70}},"4":{"start":{"line":23,"column":22},"end":{"line":23,"column":66}},"5":{"start":{"line":24,"column":20},"end":{"line":24,"column":62}},"6":{"start":{"line":26,"column":15},"end":{"line":26,"column":52}},"7":{"start":{"line":27,"column":16},"end":{"line":27,"column":54}},"8":{"start":{"line":28,"column":19},"end":{"line":28,"column":60}},"9":{"start":{"line":29,"column":28},"end":{"line":29,"column":78}},"10":{"start":{"line":30,"column":26},"end":{"line":30,"column":74}},"11":{"start":{"line":31,"column":24},"end":{"line":31,"column":70}},"12":{"start":{"line":33,"column":33},"end":{"line":35,"column":3}},"13":{"start":{"line":34,"column":4},"end":{"line":34,"column":46}},"14":{"start":{"line":37,"column":18},"end":{"line":37,"column":30}},"15":{"start":{"line":38,"column":27},"end":{"line":42,"column":3}},"16":{"start":{"line":39,"column":23},"end":{"line":39,"column":39}},"17":{"start":{"line":40,"column":20},"end":{"line":40,"column":68}},"18":{"start":{"line":41,"column":4},"end":{"line":41,"column":26}},"19":{"start":{"line":44,"column":2},"end":{"line":46,"column":21}},"20":{"start":{"line":45,"column":4},"end":{"line":45,"column":42}},"21":{"start":{"line":48,"column":2},"end":{"line":50,"column":27}},"22":{"start":{"line":49,"column":4},"end":{"line":49,"column":69}},"23":{"start":{"line":52,"column":2},"end":{"line":60,"column":4}},"24":{"start":{"line":53,"column":10},"end":{"line":58,"column":5}},"25":{"start":{"line":54,"column":6},"end":{"line":54,"column":77}},"26":{"start":{"line":55,"column":6},"end":{"line":55,"column":81}},"27":{"start":{"line":56,"column":6},"end":{"line":56,"column":36}},"28":{"start":{"line":57,"column":6},"end":{"line":57,"column":40}},"29":{"start":{"line":62,"column":25},"end":{"line":77,"column":3}},"30":{"start":{"line":63,"column":4},"end":{"line":76,"column":6}},"31":{"start":{"line":71,"column":8},"end":{"line":73,"column":23}},"32":{"start":{"line":79,"column":2},"end":{"line":88,"column":4}}},"fnMap":{"0":{"name":"Post","decl":{"start":{"line":17,"column":9},"end":{"line":17,"column":13}},"loc":{"start":{"line":17,"column":32},"end":{"line":89,"column":1}},"line":17},"1":{"name":"(anonymous_1)","decl":{"start":{"line":33,"column":33},"end":{"line":33,"column":34}},"loc":{"start":{"line":33,"column":54},"end":{"line":35,"column":3}},"line":33},"2":{"name":"(anonymous_2)","decl":{"start":{"line":38,"column":27},"end":{"line":38,"column":28}},"loc":{"start":{"line":38,"column":33},"end":{"line":42,"column":3}},"line":38},"3":{"name":"(anonymous_3)","decl":{"start":{"line":44,"column":12},"end":{"line":44,"column":13}},"loc":{"start":{"line":44,"column":18},"end":{"line":46,"column":3}},"line":44},"4":{"name":"(anonymous_4)","decl":{"start":{"line":48,"column":12},"end":{"line":48,"column":13}},"loc":{"start":{"line":48,"column":18},"end":{"line":50,"column":3}},"line":48},"5":{"name":"(anonymous_5)","decl":{"start":{"line":53,"column":4},"end":{"line":53,"column":5}},"loc":{"start":{"line":53,"column":10},"end":{"line":58,"column":5}},"line":53},"6":{"name":"(anonymous_6)","decl":{"start":{"line":53,"column":10},"end":{"line":53,"column":11}},"loc":{"start":{"line":53,"column":16},"end":{"line":58,"column":5}},"line":53},"7":{"name":"(anonymous_7)","decl":{"start":{"line":62,"column":25},"end":{"line":62,"column":26}},"loc":{"start":{"line":63,"column":4},"end":{"line":76,"column":6}},"line":63},"8":{"name":"(anonymous_8)","decl":{"start":{"line":70,"column":18},"end":{"line":70,"column":19}},"loc":{"start":{"line":71,"column":8},"end":{"line":73,"column":23}},"line":71}},"branchMap":{"0":{"loc":{"start":{"line":83,"column":15},"end":{"line":83,"column":45}},"type":"binary-expr","locations":[{"start":{"line":83,"column":15},"end":{"line":83,"column":26}},{"start":{"line":83,"column":30},"end":{"line":83,"column":45}}],"line":83},"1":{"loc":{"start":{"line":84,"column":14},"end":{"line":84,"column":40}},"type":"binary-expr","locations":[{"start":{"line":84,"column":14},"end":{"line":84,"column":23}},{"start":{"line":84,"column":27},"end":{"line":84,"column":40}}],"line":84}},"s":{"0":2,"1":2,"2":2,"3":2,"4":2,"5":2,"6":2,"7":2,"8":2,"9":2,"10":2,"11":2,"12":2,"13":0,"14":2,"15":2,"16":0,"17":0,"18":0,"19":2,"20":0,"21":2,"22":0,"23":2,"24":0,"25":0,"26":0,"27":0,"28":0,"29":2,"30":2,"31":4,"32":2},"f":{"0":2,"1":0,"2":0,"3":0,"4":0,"5":0,"6":0,"7":2,"8":4},"b":{"0":[2,2],"1":[2,2]},"_coverageSchema":"1a1c01bbd47fc00a2c39e90264f33305004495a9","hash":"6da93ad3be16f95169548da3ebdc0252cb4c362a"}
,"E:\\work\\JS-course\\gevorkyan-gevork-js-21-02\\React_homework\\at_3\\client\\src\\forms\\posts\\Posts.tsx": {"path":"E:\\work\\JS-course\\gevorkyan-gevork-js-21-02\\React_homework\\at_3\\client\\src\\forms\\posts\\Posts.tsx","statementMap":{"0":{"start":{"line":12,"column":20},"end":{"line":12,"column":45}},"1":{"start":{"line":13,"column":19},"end":{"line":13,"column":35}},"2":{"start":{"line":14,"column":15},"end":{"line":14,"column":53}},"3":{"start":{"line":15,"column":16},"end":{"line":15,"column":55}},"4":{"start":{"line":16,"column":16},"end":{"line":16,"column":54}},"5":{"start":{"line":17,"column":20},"end":{"line":17,"column":63}},"6":{"start":{"line":18,"column":18},"end":{"line":18,"column":59}},"7":{"start":{"line":19,"column":17},"end":{"line":19,"column":56}},"8":{"start":{"line":20,"column":22},"end":{"line":20,"column":23}},"9":{"start":{"line":22,"column":2},"end":{"line":24,"column":46}},"10":{"start":{"line":23,"column":4},"end":{"line":23,"column":54}},"11":{"start":{"line":26,"column":2},"end":{"line":32,"column":4}},"12":{"start":{"line":27,"column":10},"end":{"line":30,"column":5}},"13":{"start":{"line":28,"column":6},"end":{"line":28,"column":44}},"14":{"start":{"line":29,"column":6},"end":{"line":29,"column":41}},"15":{"start":{"line":34,"column":33},"end":{"line":36,"column":3}},"16":{"start":{"line":35,"column":4},"end":{"line":35,"column":47}},"17":{"start":{"line":38,"column":2},"end":{"line":54,"column":4}},"18":{"start":{"line":48,"column":10},"end":{"line":50,"column":25}}},"fnMap":{"0":{"name":"Posts","decl":{"start":{"line":11,"column":9},"end":{"line":11,"column":14}},"loc":{"start":{"line":11,"column":17},"end":{"line":55,"column":1}},"line":11},"1":{"name":"(anonymous_1)","decl":{"start":{"line":22,"column":12},"end":{"line":22,"column":13}},"loc":{"start":{"line":22,"column":18},"end":{"line":24,"column":3}},"line":22},"2":{"name":"(anonymous_2)","decl":{"start":{"line":27,"column":4},"end":{"line":27,"column":5}},"loc":{"start":{"line":27,"column":10},"end":{"line":30,"column":5}},"line":27},"3":{"name":"(anonymous_3)","decl":{"start":{"line":27,"column":10},"end":{"line":27,"column":11}},"loc":{"start":{"line":27,"column":16},"end":{"line":30,"column":5}},"line":27},"4":{"name":"(anonymous_4)","decl":{"start":{"line":34,"column":33},"end":{"line":34,"column":34}},"loc":{"start":{"line":34,"column":54},"end":{"line":36,"column":3}},"line":34},"5":{"name":"(anonymous_5)","decl":{"start":{"line":47,"column":20},"end":{"line":47,"column":21}},"loc":{"start":{"line":48,"column":10},"end":{"line":50,"column":25}},"line":48}},"branchMap":{},"s":{"0":2,"1":2,"2":2,"3":2,"4":2,"5":2,"6":2,"7":2,"8":2,"9":2,"10":0,"11":2,"12":0,"13":0,"14":0,"15":2,"16":0,"17":2,"18":12},"f":{"0":2,"1":0,"2":0,"3":0,"4":0,"5":12},"b":{},"_coverageSchema":"1a1c01bbd47fc00a2c39e90264f33305004495a9","hash":"d2dabcd6df2ac2e781e78c54536fbaa48a9a7d19"}
,"E:\\work\\JS-course\\gevorkyan-gevork-js-21-02\\React_homework\\at_3\\client\\src\\forms\\profile\\Profile.tsx": {"path":"E:\\work\\JS-course\\gevorkyan-gevork-js-21-02\\React_homework\\at_3\\client\\src\\forms\\profile\\Profile.tsx","statementMap":{"0":{"start":{"line":19,"column":20},"end":{"line":19,"column":48}},"1":{"start":{"line":20,"column":19},"end":{"line":20,"column":35}},"2":{"start":{"line":21,"column":17},"end":{"line":21,"column":52}},"3":{"start":{"line":22,"column":24},"end":{"line":22,"column":66}},"4":{"start":{"line":23,"column":27},"end":{"line":23,"column":79}},"5":{"start":{"line":24,"column":22},"end":{"line":24,"column":65}},"6":{"start":{"line":25,"column":29},"end":{"line":25,"column":83}},"7":{"start":{"line":26,"column":20},"end":{"line":26,"column":61}},"8":{"start":{"line":27,"column":15},"end":{"line":27,"column":55}},"9":{"start":{"line":28,"column":16},"end":{"line":28,"column":57}},"10":{"start":{"line":29,"column":22},"end":{"line":29,"column":23}},"11":{"start":{"line":31,"column":27},"end":{"line":31,"column":79}},"12":{"start":{"line":32,"column":26},"end":{"line":32,"column":76}},"13":{"start":{"line":34,"column":25},"end":{"line":34,"column":75}},"14":{"start":{"line":35,"column":24},"end":{"line":35,"column":72}},"15":{"start":{"line":37,"column":2},"end":{"line":39,"column":44}},"16":{"start":{"line":38,"column":4},"end":{"line":38,"column":48}},"17":{"start":{"line":41,"column":2},"end":{"line":43,"column":27}},"18":{"start":{"line":42,"column":4},"end":{"line":42,"column":69}},"19":{"start":{"line":45,"column":2},"end":{"line":53,"column":4}},"20":{"start":{"line":46,"column":10},"end":{"line":51,"column":5}},"21":{"start":{"line":47,"column":6},"end":{"line":47,"column":85}},"22":{"start":{"line":48,"column":6},"end":{"line":48,"column":88}},"23":{"start":{"line":49,"column":6},"end":{"line":49,"column":39}},"24":{"start":{"line":50,"column":6},"end":{"line":50,"column":43}},"25":{"start":{"line":55,"column":33},"end":{"line":57,"column":3}},"26":{"start":{"line":56,"column":4},"end":{"line":56,"column":49}},"27":{"start":{"line":59,"column":2},"end":{"line":83,"column":4}},"28":{"start":{"line":74,"column":10},"end":{"line":76,"column":25}}},"fnMap":{"0":{"name":"Profile","decl":{"start":{"line":18,"column":9},"end":{"line":18,"column":16}},"loc":{"start":{"line":18,"column":38},"end":{"line":84,"column":1}},"line":18},"1":{"name":"(anonymous_1)","decl":{"start":{"line":37,"column":12},"end":{"line":37,"column":13}},"loc":{"start":{"line":37,"column":18},"end":{"line":39,"column":3}},"line":37},"2":{"name":"(anonymous_2)","decl":{"start":{"line":41,"column":12},"end":{"line":41,"column":13}},"loc":{"start":{"line":41,"column":18},"end":{"line":43,"column":3}},"line":41},"3":{"name":"(anonymous_3)","decl":{"start":{"line":46,"column":4},"end":{"line":46,"column":5}},"loc":{"start":{"line":46,"column":10},"end":{"line":51,"column":5}},"line":46},"4":{"name":"(anonymous_4)","decl":{"start":{"line":46,"column":10},"end":{"line":46,"column":11}},"loc":{"start":{"line":46,"column":16},"end":{"line":51,"column":5}},"line":46},"5":{"name":"(anonymous_5)","decl":{"start":{"line":55,"column":33},"end":{"line":55,"column":34}},"loc":{"start":{"line":55,"column":54},"end":{"line":57,"column":3}},"line":55},"6":{"name":"(anonymous_6)","decl":{"start":{"line":73,"column":20},"end":{"line":73,"column":21}},"loc":{"start":{"line":74,"column":10},"end":{"line":76,"column":25}},"line":74}},"branchMap":{"0":{"loc":{"start":{"line":64,"column":15},"end":{"line":64,"column":49}},"type":"binary-expr","locations":[{"start":{"line":64,"column":15},"end":{"line":64,"column":29}},{"start":{"line":64,"column":33},"end":{"line":64,"column":49}}],"line":64},"1":{"loc":{"start":{"line":65,"column":14},"end":{"line":65,"column":46}},"type":"binary-expr","locations":[{"start":{"line":65,"column":14},"end":{"line":65,"column":27}},{"start":{"line":65,"column":31},"end":{"line":65,"column":46}}],"line":65},"2":{"loc":{"start":{"line":67,"column":49},"end":{"line":67,"column":82}},"type":"binary-expr","locations":[{"start":{"line":67,"column":49},"end":{"line":67,"column":65}},{"start":{"line":67,"column":69},"end":{"line":67,"column":82}}],"line":67}},"s":{"0":3,"1":3,"2":3,"3":3,"4":3,"5":3,"6":3,"7":3,"8":3,"9":3,"10":3,"11":3,"12":3,"13":3,"14":3,"15":3,"16":0,"17":3,"18":0,"19":3,"20":0,"21":0,"22":0,"23":0,"24":0,"25":3,"26":0,"27":3,"28":9},"f":{"0":3,"1":0,"2":0,"3":0,"4":0,"5":0,"6":9},"b":{"0":[3,3],"1":[3,3],"2":[3,3]},"_coverageSchema":"1a1c01bbd47fc00a2c39e90264f33305004495a9","hash":"e29ce91fc5e53ffab30cc2a6287fb9c0fc89cad7"}
,"E:\\work\\JS-course\\gevorkyan-gevork-js-21-02\\React_homework\\at_3\\client\\src\\forms\\registration\\Registration.tsx": {"path":"E:\\work\\JS-course\\gevorkyan-gevork-js-21-02\\React_homework\\at_3\\client\\src\\forms\\registration\\Registration.tsx","statementMap":{"0":{"start":{"line":13,"column":14},"end":{"line":13,"column":42}},"1":{"start":{"line":14,"column":19},"end":{"line":14,"column":35}},"2":{"start":{"line":15,"column":18},"end":{"line":15,"column":30}},"3":{"start":{"line":16,"column":17},"end":{"line":16,"column":56}},"4":{"start":{"line":17,"column":17},"end":{"line":17,"column":52}},"5":{"start":{"line":18,"column":20},"end":{"line":18,"column":62}},"6":{"start":{"line":19,"column":18},"end":{"line":19,"column":58}},"7":{"start":{"line":20,"column":17},"end":{"line":20,"column":55}},"8":{"start":{"line":22,"column":2},"end":{"line":26,"column":32}},"9":{"start":{"line":23,"column":4},"end":{"line":25,"column":5}},"10":{"start":{"line":24,"column":6},"end":{"line":24,"column":58}},"11":{"start":{"line":28,"column":29},"end":{"line":30,"column":3}},"12":{"start":{"line":29,"column":4},"end":{"line":29,"column":48}},"13":{"start":{"line":32,"column":2},"end":{"line":37,"column":4}},"14":{"start":{"line":33,"column":10},"end":{"line":35,"column":5}},"15":{"start":{"line":34,"column":6},"end":{"line":34,"column":43}},"16":{"start":{"line":39,"column":2},"end":{"line":43,"column":4}}},"fnMap":{"0":{"name":"Registration","decl":{"start":{"line":12,"column":9},"end":{"line":12,"column":21}},"loc":{"start":{"line":12,"column":24},"end":{"line":44,"column":1}},"line":12},"1":{"name":"(anonymous_1)","decl":{"start":{"line":22,"column":12},"end":{"line":22,"column":13}},"loc":{"start":{"line":22,"column":18},"end":{"line":26,"column":3}},"line":22},"2":{"name":"(anonymous_2)","decl":{"start":{"line":28,"column":29},"end":{"line":28,"column":30}},"loc":{"start":{"line":28,"column":58},"end":{"line":30,"column":3}},"line":28},"3":{"name":"(anonymous_3)","decl":{"start":{"line":33,"column":4},"end":{"line":33,"column":5}},"loc":{"start":{"line":33,"column":10},"end":{"line":35,"column":5}},"line":33},"4":{"name":"(anonymous_4)","decl":{"start":{"line":33,"column":10},"end":{"line":33,"column":11}},"loc":{"start":{"line":33,"column":16},"end":{"line":35,"column":5}},"line":33}},"branchMap":{"0":{"loc":{"start":{"line":23,"column":4},"end":{"line":25,"column":5}},"type":"if","locations":[{"start":{"line":23,"column":4},"end":{"line":25,"column":5}},{"start":{},"end":{}}],"line":23}},"s":{"0":1,"1":1,"2":1,"3":1,"4":1,"5":1,"6":1,"7":1,"8":1,"9":0,"10":0,"11":1,"12":0,"13":1,"14":0,"15":0,"16":1},"f":{"0":1,"1":0,"2":0,"3":0,"4":0},"b":{"0":[0,0]},"_coverageSchema":"1a1c01bbd47fc00a2c39e90264f33305004495a9","hash":"1592911dc95479cb58b1848dd2cf0dd5c6d73293"}
,"E:\\work\\JS-course\\gevorkyan-gevork-js-21-02\\React_homework\\at_3\\client\\src\\forms\\users\\Users.tsx": {"path":"E:\\work\\JS-course\\gevorkyan-gevork-js-21-02\\React_homework\\at_3\\client\\src\\forms\\users\\Users.tsx","statementMap":{"0":{"start":{"line":13,"column":14},"end":{"line":13,"column":39}},"1":{"start":{"line":14,"column":19},"end":{"line":14,"column":35}},"2":{"start":{"line":15,"column":15},"end":{"line":15,"column":53}},"3":{"start":{"line":16,"column":16},"end":{"line":16,"column":55}},"4":{"start":{"line":17,"column":16},"end":{"line":17,"column":54}},"5":{"start":{"line":18,"column":20},"end":{"line":18,"column":63}},"6":{"start":{"line":19,"column":18},"end":{"line":19,"column":59}},"7":{"start":{"line":20,"column":17},"end":{"line":20,"column":56}},"8":{"start":{"line":21,"column":22},"end":{"line":21,"column":23}},"9":{"start":{"line":23,"column":2},"end":{"line":25,"column":23}},"10":{"start":{"line":24,"column":4},"end":{"line":24,"column":54}},"11":{"start":{"line":27,"column":2},"end":{"line":33,"column":4}},"12":{"start":{"line":28,"column":10},"end":{"line":31,"column":5}},"13":{"start":{"line":29,"column":6},"end":{"line":29,"column":44}},"14":{"start":{"line":30,"column":6},"end":{"line":30,"column":41}},"15":{"start":{"line":35,"column":33},"end":{"line":37,"column":3}},"16":{"start":{"line":36,"column":4},"end":{"line":36,"column":47}},"17":{"start":{"line":39,"column":2},"end":{"line":57,"column":4}},"18":{"start":{"line":49,"column":10},"end":{"line":53,"column":25}}},"fnMap":{"0":{"name":"Users","decl":{"start":{"line":12,"column":9},"end":{"line":12,"column":14}},"loc":{"start":{"line":12,"column":17},"end":{"line":58,"column":1}},"line":12},"1":{"name":"(anonymous_1)","decl":{"start":{"line":23,"column":12},"end":{"line":23,"column":13}},"loc":{"start":{"line":23,"column":18},"end":{"line":25,"column":3}},"line":23},"2":{"name":"(anonymous_2)","decl":{"start":{"line":28,"column":4},"end":{"line":28,"column":5}},"loc":{"start":{"line":28,"column":10},"end":{"line":31,"column":5}},"line":28},"3":{"name":"(anonymous_3)","decl":{"start":{"line":28,"column":10},"end":{"line":28,"column":11}},"loc":{"start":{"line":28,"column":16},"end":{"line":31,"column":5}},"line":28},"4":{"name":"(anonymous_4)","decl":{"start":{"line":35,"column":33},"end":{"line":35,"column":34}},"loc":{"start":{"line":35,"column":54},"end":{"line":37,"column":3}},"line":35},"5":{"name":"(anonymous_5)","decl":{"start":{"line":48,"column":20},"end":{"line":48,"column":21}},"loc":{"start":{"line":49,"column":10},"end":{"line":53,"column":25}},"line":49}},"branchMap":{},"s":{"0":1,"1":1,"2":1,"3":1,"4":1,"5":1,"6":1,"7":1,"8":1,"9":1,"10":0,"11":1,"12":0,"13":0,"14":0,"15":1,"16":0,"17":1,"18":6},"f":{"0":1,"1":0,"2":0,"3":0,"4":0,"5":6},"b":{},"_coverageSchema":"1a1c01bbd47fc00a2c39e90264f33305004495a9","hash":"b733f8c03138f3fb386b9fa970942bc475fcd9db"}
,"E:\\work\\JS-course\\gevorkyan-gevork-js-21-02\\React_homework\\at_3\\client\\src\\hooks\\use-app-dispatch.ts": {"path":"E:\\work\\JS-course\\gevorkyan-gevork-js-21-02\\React_homework\\at_3\\client\\src\\hooks\\use-app-dispatch.ts","statementMap":{"0":{"start":{"line":4,"column":23},"end":{"line":4,"column":55}},"1":{"start":{"line":4,"column":29},"end":{"line":4,"column":55}}},"fnMap":{"0":{"name":"(anonymous_0)","decl":{"start":{"line":4,"column":23},"end":{"line":4,"column":24}},"loc":{"start":{"line":4,"column":29},"end":{"line":4,"column":55}},"line":4}},"branchMap":{},"s":{"0":4,"1":13},"f":{"0":13},"b":{},"_coverageSchema":"1a1c01bbd47fc00a2c39e90264f33305004495a9","hash":"a474bdc1bc1ed5d903df37c0365112ae34d2bdd4"}
[...]
,"E:\\work\\JS-course\\gevorkyan-gevork-js-21-02\\React_homework\\at_3\\client\\src\\types\\comment.ts": {"path":"E:\\work\\JS-course\\gevorkyan-gevork-js-21-02\\React_homework\\at_3\\client\\src\\types\\comment.ts","statementMap":{},"fnMap":{},"branchMap":{},"s":{},"f":{},"b":{}}
,"E:\\work\\JS-course\\gevorkyan-gevork-js-21-02\\React_homework\\at_3\\client\\src\\types\\index.ts": {"path":"E:\\work\\JS-course\\gevorkyan-gevork-js-21-02\\React_homework\\at_3\\client\\src\\types\\index.ts","statementMap":{},"fnMap":{},"branchMap":{},"s":{},"f":{},"b":{}}
,"E:\\work\\JS-course\\gevorkyan-gevork-js-21-02\\React_homework\\at_3\\client\\src\\types\\lists.ts": {"path":"E:\\work\\JS-course\\gevorkyan-gevork-js-21-02\\React_homework\\at_3\\client\\src\\types\\lists.ts","statementMap":{},"fnMap":{},"branchMap":{},"s":{},"f":{},"b":{}}
,"E:\\work\\JS-course\\gevorkyan-gevork-js-21-02\\React_homework\\at_3\\client\\src\\types\\post.ts": {"path":"E:\\work\\JS-course\\gevorkyan-gevork-js-21-02\\React_homework\\at_3\\client\\src\\types\\post.ts","statementMap":{},"fnMap":{},"branchMap":{},"s":{},"f":{},"b":{}}
,"E:\\work\\JS-course\\gevorkyan-gevork-js-21-02\\React_homework\\at_3\\client\\src\\types\\user.ts": {"path":"E:\\work\\JS-course\\gevorkyan-gevork-js-21-02\\React_homework\\at_3\\client\\src\\types\\user.ts","statementMap":{},"fnMap":{},"branchMap":{},"s":{},"f":{},"b":{}}
,"E:\\work\\JS-course\\gevorkyan-gevork-js-21-02\\React_homework\\at_3\\client\\src\\utils\\data.ts": {"path":"E:\\work\\JS-course\\gevorkyan-gevork-js-21-02\\React_homework\\at_3\\client\\src\\utils\\data.ts","statementMap":{"0":{"start":{"line":4,"column":26},"end":{"line":10,"column":2}},"1":{"start":{"line":4,"column":47},"end":{"line":10,"column":1}},"2":{"start":{"line":12,"column":26},"end":{"line":18,"column":2}},"3":{"start":{"line":12,"column":47},"end":{"line":18,"column":1}},"4":{"start":{"line":20,"column":29},"end":{"line":26,"column":2}},"5":{"start":{"line":20,"column":36},"end":{"line":26,"column":1}},"6":{"start":{"line":28,"column":30},"end":{"line":46,"column":2}},"7":{"start":{"line":28,"column":44},"end":{"line":46,"column":1}},"8":{"start":{"line":48,"column":27},"end":{"line":48,"column":96}},"9":{"start":{"line":48,"column":47},"end":{"line":48,"column":96}},"10":{"start":{"line":49,"column":27},"end":{"line":49,"column":96}},"11":{"start":{"line":49,"column":47},"end":{"line":49,"column":96}},"12":{"start":{"line":50,"column":30},"end":{"line":50,"column":102}},"13":{"start":{"line":50,"column":50},"end":{"line":50,"column":102}},"14":{"start":{"line":52,"column":22},"end":{"line":60,"column":1}},"15":{"start":{"line":53,"column":32},"end":{"line":53,"column":54}},"16":{"start":{"line":54,"column":19},"end":{"line":54,"column":33}},"17":{"start":{"line":56,"column":2},"end":{"line":59,"column":4}},"18":{"start":{"line":62,"column":20},"end":{"line":62,"column":102}},"19":{"start":{"line":62,"column":69},"end":{"line":62,"column":102}},"20":{"start":{"line":63,"column":24},"end":{"line":64,"column":95}},"21":{"start":{"line":64,"column":2},"end":{"line":64,"column":95}}},"fnMap":{"0":{"name":"(anonymous_0)","decl":{"start":{"line":4,"column":26},"end":{"line":4,"column":27}},"loc":{"start":{"line":4,"column":47},"end":{"line":10,"column":1}},"line":4},"1":{"name":"(anonymous_1)","decl":{"start":{"line":12,"column":26},"end":{"line":12,"column":27}},"loc":{"start":{"line":12,"column":47},"end":{"line":18,"column":1}},"line":12},"2":{"name":"(anonymous_2)","decl":{"start":{"line":20,"column":29},"end":{"line":20,"column":30}},"loc":{"start":{"line":20,"column":36},"end":{"line":26,"column":1}},"line":20},"3":{"name":"(anonymous_3)","decl":{"start":{"line":28,"column":30},"end":{"line":28,"column":31}},"loc":{"start":{"line":28,"column":44},"end":{"line":46,"column":1}},"line":28},"4":{"name":"(anonymous_4)","decl":{"start":{"line":48,"column":27},"end":{"line":48,"column":28}},"loc":{"start":{"line":48,"column":47},"end":{"line":48,"column":96}},"line":48},"5":{"name":"(anonymous_5)","decl":{"start":{"line":49,"column":27},"end":{"line":49,"column":28}},"loc":{"start":{"line":49,"column":47},"end":{"line":49,"column":96}},"line":49},"6":{"name":"(anonymous_6)","decl":{"start":{"line":50,"column":30},"end":{"line":50,"column":31}},"loc":{"start":{"line":50,"column":50},"end":{"line":50,"column":102}},"line":50},"7":{"name":"(anonymous_7)","decl":{"start":{"line":52,"column":22},"end":{"line":52,"column":23}},"loc":{"start":{"line":52,"column":40},"end":{"line":60,"column":1}},"line":52},"8":{"name":"(anonymous_8)","decl":{"start":{"line":62,"column":20},"end":{"line":62,"column":21}},"loc":{"start":{"line":62,"column":69},"end":{"line":62,"column":102}},"line":62},"9":{"name":"(anonymous_9)","decl":{"start":{"line":63,"column":24},"end":{"line":63,"column":25}},"loc":{"start":{"line":64,"column":2},"end":{"line":64,"column":95}},"line":64}},"branchMap":{"0":{"loc":{"start":{"line":64,"column":5},"end":{"line":64,"column":69}},"type":"cond-expr","locations":[{"start":{"line":64,"column":13},"end":{"line":64,"column":64}},{"start":{"line":64,"column":67},"end":{"line":64,"column":69}}],"line":64}},"s":{"0":22,"1":54,"2":22,"3":30,"4":22,"5":8,"6":22,"7":4,"8":22,"9":3,"10":22,"11":7,"12":22,"13":3,"14":22,"15":13,"16":13,"17":13,"18":22,"19":5,"20":22,"21":51},"f":{"0":54,"1":30,"2":8,"3":4,"4":3,"5":7,"6":3,"7":13,"8":5,"9":51},"b":{"0":[14,37]},"_coverageSchema":"1a1c01bbd47fc00a2c39e90264f33305004495a9","hash":"f43d6a300a2386b3ff9fff54e612c1e22e3e2264"}
,"E:\\work\\JS-course\\gevorkyan-gevork-js-21-02\\React_homework\\at_3\\client\\src\\utils\\dom.ts": {"path":"E:\\work\\JS-course\\gevorkyan-gevork-js-21-02\\React_homework\\at_3\\client\\src\\utils\\dom.ts","statementMap":{"0":{"start":{"line":1,"column":21},"end":{"line":1,"column":82}},"1":{"start":{"line":1,"column":44},"end":{"line":1,"column":82}},"2":{"start":{"line":2,"column":24},"end":{"line":2,"column":88}},"3":{"start":{"line":2,"column":47},"end":{"line":2,"column":88}}},"fnMap":{"0":{"name":"(anonymous_0)","decl":{"start":{"line":1,"column":21},"end":{"line":1,"column":22}},"loc":{"start":{"line":1,"column":44},"end":{"line":1,"column":82}},"line":1},"1":{"name":"(anonymous_1)","decl":{"start":{"line":2,"column":24},"end":{"line":2,"column":25}},"loc":{"start":{"line":2,"column":47},"end":{"line":2,"column":88}},"line":2}},"branchMap":{},"s":{"0":22,"1":5,"2":22,"3":3},"f":{"0":5,"1":3},"b":{},"_coverageSchema":"1a1c01bbd47fc00a2c39e90264f33305004495a9","hash":"be6a88642f031b701b456edb71e37ebb1e2b08aa"}
,"E:\\work\\JS-course\\gevorkyan-gevork-js-21-02\\React_homework\\at_3\\client\\src\\utils\\file.ts": {"path":"E:\\work\\JS-course\\gevorkyan-gevork-js-21-02\\React_homework\\at_3\\client\\src\\utils\\file.ts","statementMap":{"0":{"start":{"line":3,"column":23},"end":{"line":7,"column":1}},"1":{"start":{"line":4,"column":17},"end":{"line":4,"column":33}},"2":{"start":{"line":5,"column":2},"end":{"line":5,"column":29}},"3":{"start":{"line":6,"column":2},"end":{"line":6,"column":48}},"4":{"start":{"line":6,"column":24},"end":{"line":6,"column":47}}},"fnMap":{"0":{"name":"(anonymous_0)","decl":{"start":{"line":3,"column":23},"end":{"line":3,"column":24}},"loc":{"start":{"line":3,"column":76},"end":{"line":7,"column":1}},"line":3},"1":{"name":"(anonymous_1)","decl":{"start":{"line":6,"column":18},"end":{"line":6,"column":19}},"loc":{"start":{"line":6,"column":24},"end":{"line":6,"column":47}},"line":6}},"branchMap":{},"s":{"0":22,"1":1,"2":1,"3":1,"4":1},"f":{"0":1,"1":1},"b":{},"_coverageSchema":"1a1c01bbd47fc00a2c39e90264f33305004495a9","hash":"c42ec7c51236e80e73197951a2c3fe6281cb8029"}
,"E:\\work\\JS-course\\gevorkyan-gevork-js-21-02\\React_homework\\at_3\\client\\src\\utils\\index.ts": {"path":"E:\\work\\JS-course\\gevorkyan-gevork-js-21-02\\React_homework\\at_3\\client\\src\\utils\\index.ts","statementMap":{},"fnMap":{},"branchMap":{},"s":{},"f":{},"b":{},"_coverageSchema":"1a1c01bbd47fc00a2c39e90264f33305004495a9","hash":"5b7d0419e40bb66c06f2de4eb1f560d5c5b69162"}
,"E:\\work\\JS-course\\gevorkyan-gevork-js-21-02\\React_homework\\at_3\\client\\src\\utils\\object.ts": {"path":"E:\\work\\JS-course\\gevorkyan-gevork-js-21-02\\React_homework\\at_3\\client\\src\\utils\\object.ts","statementMap":{"0":{"start":{"line":1,"column":21},"end":{"line":2,"column":62}},"1":{"start":{"line":2,"column":2},"end":{"line":2,"column":62}}},"fnMap":{"0":{"name":"(anonymous_0)","decl":{"start":{"line":1,"column":21},"end":{"line":1,"column":22}},"loc":{"start":{"line":2,"column":2},"end":{"line":2,"column":62}},"line":2}},"branchMap":{},"s":{"0":22,"1":2},"f":{"0":2},"b":{},"_coverageSchema":"1a1c01bbd47fc00a2c39e90264f33305004495a9","hash":"e6030b575b38fd71ccfbcc35c225cb3d2245751d"}
,"E:\\work\\JS-course\\gevorkyan-gevork-js-21-02\\React_homework\\at_3\\client\\src\\utils\\request.ts": {"path":"E:\\work\\JS-course\\gevorkyan-gevork-js-21-02\\React_homework\\at_3\\client\\src\\utils\\request.ts","statementMap":{"0":{"start":{"line":1,"column":21},"end":{"line":7,"column":1}},"1":{"start":{"line":2,"column":2},"end":{"line":6,"column":8}},"2":{"start":{"line":3,"column":4},"end":{"line":5,"column":5}},"3":{"start":{"line":4,"column":6},"end":{"line":4,"column":22}}},"fnMap":{"0":{"name":"(anonymous_0)","decl":{"start":{"line":1,"column":21},"end":{"line":1,"column":22}},"loc":{"start":{"line":1,"column":62},"end":{"line":7,"column":1}},"line":1},"1":{"name":"(anonymous_1)","decl":{"start":{"line":2,"column":13},"end":{"line":2,"column":14}},"loc":{"start":{"line":2,"column":19},"end":{"line":6,"column":3}},"line":2}},"branchMap":{"0":{"loc":{"start":{"line":3,"column":4},"end":{"line":5,"column":5}},"type":"if","locations":[{"start":{"line":3,"column":4},"end":{"line":5,"column":5}},{"start":{},"end":{}}],"line":3}},"s":{"0":22,"1":2,"2":2,"3":1},"f":{"0":2,"1":2},"b":{"0":[1,1]},"_coverageSchema":"1a1c01bbd47fc00a2c39e90264f33305004495a9","hash":"33114a4de3e7028d39c25e639ea9932df79778fb"}
,"E:\\work\\JS-course\\gevorkyan-gevork-js-21-02\\React_homework\\at_3\\client\\src\\utils\\route.ts": {"path":"E:\\work\\JS-course\\gevorkyan-gevork-js-21-02\\React_homework\\at_3\\client\\src\\utils\\route.ts","statementMap":{"0":{"start":{"line":3,"column":27},"end":{"line":3,"column":71}},"1":{"start":{"line":3,"column":43},"end":{"line":3,"column":71}},"2":{"start":{"line":4,"column":31},"end":{"line":4,"column":79}},"3":{"start":{"line":4,"column":47},"end":{"line":4,"column":79}},"4":{"start":{"line":5,"column":31},"end":{"line":5,"column":114}},"5":{"start":{"line":5,"column":70},"end":{"line":5,"column":114}},"6":{"start":{"line":6,"column":24},"end":{"line":6,"column":74}},"7":{"start":{"line":6,"column":44},"end":{"line":6,"column":74}}},"fnMap":{"0":{"name":"(anonymous_0)","decl":{"start":{"line":3,"column":27},"end":{"line":3,"column":28}},"loc":{"start":{"line":3,"column":43},"end":{"line":3,"column":71}},"line":3},"1":{"name":"(anonymous_1)","decl":{"start":{"line":4,"column":31},"end":{"line":4,"column":32}},"loc":{"start":{"line":4,"column":47},"end":{"line":4,"column":79}},"line":4},"2":{"name":"(anonymous_2)","decl":{"start":{"line":5,"column":31},"end":{"line":5,"column":32}},"loc":{"start":{"line":5,"column":70},"end":{"line":5,"column":114}},"line":5},"3":{"name":"(anonymous_3)","decl":{"start":{"line":6,"column":24},"end":{"line":6,"column":25}},"loc":{"start":{"line":6,"column":44},"end":{"line":6,"column":74}},"line":6}},"branchMap":{},"s":{"0":22,"1":70,"2":22,"3":8,"4":22,"5":24,"6":22,"7":24},"f":{"0":70,"1":8,"2":24,"3":24},"b":{},"_coverageSchema":"1a1c01bbd47fc00a2c39e90264f33305004495a9","hash":"13350a80f5e895164bee44e02eaa48008e3066bf"}
,"E:\\work\\JS-course\\gevorkyan-gevork-js-21-02\\React_homework\\at_3\\client\\src\\utils\\validate.ts": {"path":"E:\\work\\JS-course\\gevorkyan-gevork-js-21-02\\React_homework\\at_3\\client\\src\\utils\\validate.ts","statementMap":{"0":{"start":{"line":7,"column":25},"end":{"line":14,"column":2}},"1":{"start":{"line":7,"column":43},"end":{"line":14,"column":2}},"2":{"start":{"line":7,"column":50},"end":{"line":14,"column":1}},"3":{"start":{"line":9,"column":4},"end":{"line":11,"column":5}},"4":{"start":{"line":10,"column":6},"end":{"line":10,"column":56}},"5":{"start":{"line":12,"column":4},"end":{"line":12,"column":29}},"6":{"start":{"line":15,"column":27},"end":{"line":15,"column":73}},"7":{"start":{"line":16,"column":29},"end":{"line":16,"column":77}},"8":{"start":{"line":17,"column":31},"end":{"line":17,"column":81}},"9":{"start":{"line":18,"column":30},"end":{"line":18,"column":77}},"10":{"start":{"line":19,"column":30},"end":{"line":19,"column":79}},"11":{"start":{"line":20,"column":30},"end":{"line":20,"column":79}},"12":{"start":{"line":22,"column":25},"end":{"line":29,"column":2}},"13":{"start":{"line":22,"column":42},"end":{"line":29,"column":2}},"14":{"start":{"line":22,"column":49},"end":{"line":29,"column":1}},"15":{"start":{"line":24,"column":4},"end":{"line":26,"column":5}},"16":{"start":{"line":25,"column":6},"end":{"line":25,"column":86}},"17":{"start":{"line":27,"column":4},"end":{"line":27,"column":29}},"18":{"start":{"line":30,"column":31},"end":{"line":30,"column":50}},"19":{"start":{"line":32,"column":26},"end":{"line":46,"column":2}},"20":{"start":{"line":32,"column":33},"end":{"line":46,"column":1}},"21":{"start":{"line":34,"column":34},"end":{"line":34,"column":64}},"22":{"start":{"line":36,"column":4},"end":{"line":38,"column":5}},"23":{"start":{"line":37,"column":6},"end":{"line":37,"column":77}},"24":{"start":{"line":40,"column":4},"end":{"line":42,"column":5}},"25":{"start":{"line":41,"column":6},"end":{"line":41,"column":77}},"26":{"start":{"line":44,"column":4},"end":{"line":44,"column":29}},"27":{"start":{"line":48,"column":23},"end":{"line":58,"column":1}},"28":{"start":{"line":49,"column":21},"end":{"line":49,"column":76}},"29":{"start":{"line":50,"column":2},"end":{"line":52,"column":3}},"30":{"start":{"line":51,"column":4},"end":{"line":51,"column":64}},"31":{"start":{"line":53,"column":17},"end":{"line":53,"column":44}},"32":{"start":{"line":54,"column":2},"end":{"line":56,"column":3}},"33":{"start":{"line":55,"column":4},"end":{"line":55,"column":61}},"34":{"start":{"line":57,"column":2},"end":{"line":57,"column":54}},"35":{"start":{"line":60,"column":29},"end":{"line":63,"column":2}},"36":{"start":{"line":60,"column":36},"end":{"line":63,"column":1}},"37":{"start":{"line":64,"column":29},"end":{"line":64,"column":110}},"38":{"start":{"line":64,"column":36},"end":{"line":64,"column":109}},"39":{"start":{"line":65,"column":31},"end":{"line":65,"column":88}},"40":{"start":{"line":65,"column":59},"end":{"line":65,"column":88}}},"fnMap":{"0":{"name":"(anonymous_0)","decl":{"start":{"line":7,"column":25},"end":{"line":7,"column":26}},"loc":{"start":{"line":7,"column":43},"end":{"line":14,"column":2}},"line":7},"1":{"name":"(anonymous_1)","decl":{"start":{"line":7,"column":43},"end":{"line":7,"column":44}},"loc":{"start":{"line":7,"column":50},"end":{"line":14,"column":1}},"line":7},"2":{"name":"(anonymous_2)","decl":{"start":{"line":8,"column":2},"end":{"line":8,"column":3}},"loc":{"start":{"line":8,"column":39},"end":{"line":13,"column":3}},"line":8},"3":{"name":"(anonymous_3)","decl":{"start":{"line":22,"column":25},"end":{"line":22,"column":26}},"loc":{"start":{"line":22,"column":42},"end":{"line":29,"column":2}},"line":22},"4":{"name":"(anonymous_4)","decl":{"start":{"line":22,"column":42},"end":{"line":22,"column":43}},"loc":{"start":{"line":22,"column":49},"end":{"line":29,"column":1}},"line":22},"5":{"name":"(anonymous_5)","decl":{"start":{"line":23,"column":2},"end":{"line":23,"column":3}},"loc":{"start":{"line":23,"column":39},"end":{"line":28,"column":3}},"line":23},"6":{"name":"(anonymous_6)","decl":{"start":{"line":32,"column":26},"end":{"line":32,"column":27}},"loc":{"start":{"line":32,"column":33},"end":{"line":46,"column":1}},"line":32},"7":{"name":"(anonymous_7)","decl":{"start":{"line":33,"column":2},"end":{"line":33,"column":3}},"loc":{"start":{"line":33,"column":39},"end":{"line":45,"column":3}},"line":33},"8":{"name":"(anonymous_8)","decl":{"start":{"line":48,"column":23},"end":{"line":48,"column":24}},"loc":{"start":{"line":48,"column":39},"end":{"line":58,"column":1}},"line":48},"9":{"name":"(anonymous_9)","decl":{"start":{"line":60,"column":29},"end":{"line":60,"column":30}},"loc":{"start":{"line":60,"column":36},"end":{"line":63,"column":1}},"line":60},"10":{"name":"(anonymous_10)","decl":{"start":{"line":64,"column":29},"end":{"line":64,"column":30}},"loc":{"start":{"line":64,"column":36},"end":{"line":64,"column":109}},"line":64},"11":{"name":"(anonymous_11)","decl":{"start":{"line":65,"column":31},"end":{"line":65,"column":32}},"loc":{"start":{"line":65,"column":59},"end":{"line":65,"column":88}},"line":65}},"branchMap":{"0":{"loc":{"start":{"line":9,"column":4},"end":{"line":11,"column":5}},"type":"if","locations":[{"start":{"line":9,"column":4},"end":{"line":11,"column":5}},{"start":{},"end":{}}],"line":9},"1":{"loc":{"start":{"line":24,"column":4},"end":{"line":26,"column":5}},"type":"if","locations":[{"start":{"line":24,"column":4},"end":{"line":26,"column":5}},{"start":{},"end":{}}],"line":24},"2":{"loc":{"start":{"line":36,"column":4},"end":{"line":38,"column":5}},"type":"if","locations":[{"start":{"line":36,"column":4},"end":{"line":38,"column":5}},{"start":{},"end":{}}],"line":36},"3":{"loc":{"start":{"line":36,"column":8},"end":{"line":36,"column":51}},"type":"binary-expr","locations":[{"start":{"line":36,"column":8},"end":{"line":36,"column":28}},{"start":{"line":36,"column":32},"end":{"line":36,"column":51}}],"line":36},"4":{"loc":{"start":{"line":40,"column":4},"end":{"line":42,"column":5}},"type":"if","locations":[{"start":{"line":40,"column":4},"end":{"line":42,"column":5}},{"start":{},"end":{}}],"line":40},"5":{"loc":{"start":{"line":40,"column":8},"end":{"line":40,"column":53}},"type":"binary-expr","locations":[{"start":{"line":40,"column":8},"end":{"line":40,"column":29}},{"start":{"line":40,"column":33},"end":{"line":40,"column":53}}],"line":40},"6":{"loc":{"start":{"line":49,"column":21},"end":{"line":49,"column":76}},"type":"binary-expr","locations":[{"start":{"line":49,"column":21},"end":{"line":49,"column":47}},{"start":{"line":49,"column":51},"end":{"line":49,"column":76}}],"line":49},"7":{"loc":{"start":{"line":50,"column":2},"end":{"line":52,"column":3}},"type":"if","locations":[{"start":{"line":50,"column":2},"end":{"line":52,"column":3}},{"start":{},"end":{}}],"line":50},"8":{"loc":{"start":{"line":54,"column":2},"end":{"line":56,"column":3}},"type":"if","locations":[{"start":{"line":54,"column":2},"end":{"line":56,"column":3}},{"start":{},"end":{}}],"line":54},"9":{"loc":{"start":{"line":57,"column":9},"end":{"line":57,"column":53}},"type":"binary-expr","locations":[{"start":{"line":57,"column":10},"end":{"line":57,"column":20}},{"start":{"line":57,"column":24},"end":{"line":57,"column":30}},{"start":{"line":57,"column":35},"end":{"line":57,"column":53}}],"line":57},"10":{"loc":{"start":{"line":65,"column":59},"end":{"line":65,"column":88}},"type":"binary-expr","locations":[{"start":{"line":65,"column":59},"end":{"line":65,"column":66}},{"start":{"line":65,"column":70},"end":{"line":65,"column":88}}],"line":65}},"s":{"0":22,"1":133,"2":66,"3":11,"4":1,"5":10,"6":22,"7":22,"8":22,"9":22,"10":22,"11":22,"12":22,"13":22,"14":16,"15":4,"16":1,"17":3,"18":22,"19":22,"20":15,"21":10,"22":10,"23":5,"24":5,"25":1,"26":4,"27":22,"28":5,"29":5,"30":1,"31":5,"32":5,"33":1,"34":5,"35":22,"36":9,"37":22,"38":4,"39":22,"40":3},"f":{"0":133,"1":66,"2":11,"3":22,"4":16,"5":4,"6":15,"7":10,"8":5,"9":9,"10":4,"11":3},"b":{"0":[1,10],"1":[1,3],"2":[5,5],"3":[10,8],"4":[1,4],"5":[5,4],"6":[5,4],"7":[1,4],"8":[1,4],"9":[5,4,2],"10":[3,3]},"_coverageSchema":"1a1c01bbd47fc00a2c39e90264f33305004495a9","hash":"3c22fe7444a61fbd275f1b742727b792bdafb19b"}
}
