TN:
SF:src\App.tsx
FN:17,App
FN:33,(anonymous_1)
FNF:2
FNH:0
FNDA:0,App
FNDA:0,(anonymous_1)
DA:18,0
DA:20,0
DA:21,0
DA:22,0
DA:23,0
DA:24,0
DA:26,0
DA:30,0
DA:31,0
DA:33,0
DA:34,0
DA:35,0
DA:36,0
DA:39,0
DA:40,0
DA:44,0
DA:45,0
DA:48,0
LF:18
LH:0
BRDA:20,0,0,0
BRDA:20,0,1,0
BRDA:21,1,0,0
BRDA:21,1,1,0
BRDA:22,2,0,0
BRDA:22,2,1,0
BRDA:34,3,0,0
BRDA:34,3,1,0
BRDA:34,4,0,0
BRDA:34,4,1,0
BRDA:34,4,2,0
BRDA:39,5,0,0
BRDA:39,5,1,0
BRDA:39,6,0,0
BRDA:39,6,1,0
BRDA:39,6,2,0
BRDA:44,7,0,0
BRDA:44,7,1,0
BRF:18
BRH:0
end_of_record
TN:
SF:src\firebase.ts
FNF:0
FNH:0
DA:3,0
DA:13,0
LF:2
LH:0
BRF:0
BRH:0
end_of_record
TN:
SF:src\index.tsx
FN:24,(anonymous_0)
FNF:1
FNH:0
FNDA:0,(anonymous_0)
DA:15,0
DA:24,0
DA:25,0
DA:37,0
LF:4
LH:0
BRF:0
BRH:0
end_of_record
TN:
SF:src\__tests__\mocks\comment.mock.ts
FNF:0
FNH:0
DA:4,1
DA:12,1
DA:20,1
LF:3
LH:3
BRF:0
BRH:0
end_of_record
TN:
SF:src\__tests__\mocks\post.mock.ts
FNF:0
FNH:0
DA:4,2
DA:12,2
DA:20,2
DA:28,2
LF:4
LH:4
BRF:0
BRH:0
end_of_record
TN:
SF:src\__tests__\mocks\store.mock.ts
FNF:0
FNH:0
DA:4,2
DA:303,2
DA:304,2
DA:305,2
DA:306,2
LF:5
LH:5
BRF:0
BRH:0
end_of_record
TN:
SF:src\__tests__\mocks\user.mock.ts
FNF:0
FNH:0
DA:3,7
DA:11,7
DA:19,7
DA:26,7
DA:46,7
DA:55,7
LF:6
LH:6
BRF:0
BRH:0
end_of_record
TN:
SF:src\__tests__\mocks\utils.ts
FN:5,(anonymous_0)
FN:6,(anonymous_1)
FN:7,(anonymous_2)
FNF:3
FNH:3
FNDA:4,(anonymous_0)
FNDA:4,(anonymous_1)
FNDA:4,(anonymous_2)
DA:3,4
DA:5,4
DA:6,4
DA:7,4
LF:4
LH:4
BRDA:5,0,0,4
BRF:1
BRH:1
end_of_record
TN:
SF:src\components\app-list\AppList.tsx
FN:52,AppList
FNF:1
FNH:1
FNDA:9,AppList
DA:11,3
DA:62,9
DA:85,3
DA:87,3
LF:4
LH:4
BRDA:60,0,0,0
BRDA:64,1,0,4
BRDA:64,1,1,5
BRDA:65,2,0,2
BRDA:65,2,1,7
BRF:5
BRH:4
end_of_record
TN:
SF:src\components\auth\Auth.tsx
FN:19,Auth
FNF:1
FNH:1
FNDA:3,Auth
DA:28,3
DA:29,3
DA:30,3
DA:32,3
DA:58,4
LF:5
LH:5
BRDA:22,0,0,0
BRDA:34,1,0,2
BRDA:34,1,1,1
BRF:3
BRH:2
end_of_record
TN:
SF:src\components\comment\Comment.tsx
FN:12,Comment
FNF:1
FNH:1
FNDA:5,Comment
DA:13,5
DA:14,5
DA:15,5
DA:16,5
DA:18,5
LF:5
LH:5
BRF:0
BRH:0
end_of_record
TN:
SF:src\components\connected-auth\ConnectedAuth.tsx
FN:7,ConnectedAuth
FN:12,(anonymous_1)
FNF:2
FNH:2
FNDA:1,ConnectedAuth
FNDA:1,(anonymous_1)
DA:8,1
DA:9,1
DA:10,1
DA:12,1
DA:13,1
DA:16,1
LF:6
LH:6
BRF:0
BRH:0
end_of_record
TN:
SF:src\components\content-layout\ContentLayout.tsx
FN:19,ContentLayout
FNF:1
FNH:1
FNDA:17,ContentLayout
DA:20,17
DA:29,3
LF:2
LH:2
BRDA:22,0,0,7
BRDA:22,0,1,10
BRDA:24,1,0,17
BRDA:24,1,1,1
BRF:4
BRH:4
end_of_record
TN:
SF:src\components\custom-link\CustomLink.tsx
FN:10,CustomLink
FNF:1
FNH:1
FNDA:91,CustomLink
DA:11,91
DA:19,13
LF:2
LH:2
BRDA:10,0,0,0
BRDA:10,1,0,0
BRF:2
BRH:0
end_of_record
TN:
SF:src\components\edit-form\EditForm.tsx
FN:27,(anonymous_0)
FN:36,EditForm
FN:36,(anonymous_2)
FN:42,(anonymous_3)
FN:43,(anonymous_4)
FN:57,(anonymous_5)
FN:67,(anonymous_6)
FN:69,(anonymous_7)
FN:72,(anonymous_8)
FN:158,(anonymous_9)
FNF:10
FNH:5
FNDA:0,(anonymous_0)
FNDA:5,EditForm
FNDA:0,(anonymous_2)
FNDA:0,(anonymous_3)
FNDA:0,(anonymous_4)
FNDA:4,(anonymous_5)
FNDA:1,(anonymous_6)
FNDA:1,(anonymous_7)
FNDA:1,(anonymous_8)
FNDA:0,(anonymous_9)
DA:27,3
DA:28,0
DA:29,0
DA:31,0
DA:33,3
DA:34,3
DA:37,5
DA:38,5
DA:42,5
DA:43,0
DA:44,0
DA:45,0
DA:55,5
DA:56,5
DA:57,4
DA:67,5
DA:68,1
DA:69,1
DA:72,5
DA:73,1
DA:74,1
DA:84,1
DA:87,5
DA:156,3
LF:24
LH:18
BRDA:28,0,0,0
BRDA:28,0,1,0
BRDA:31,1,0,0
BRDA:31,1,1,0
BRDA:36,2,0,0
BRDA:40,3,0,5
BRDA:40,3,1,1
BRDA:44,4,0,0
BRDA:44,4,1,0
BRDA:44,5,0,0
BRDA:44,5,1,0
BRDA:59,6,0,4
BRDA:59,6,1,1
BRDA:78,7,0,1
BRDA:78,7,1,0
BRDA:78,7,2,0
BRDA:109,8,0,4
BRDA:109,8,1,1
BRF:18
BRH:7
end_of_record
TN:
SF:src\components\footer\Footer.tsx
FN:6,Footer
FNF:1
FNH:1
FNDA:1,Footer
DA:7,1
LF:1
LH:1
BRF:0
BRH:0
end_of_record
TN:
SF:src\components\header\Header.tsx
FN:7,Header
FNF:1
FNH:1
FNDA:1,Header
DA:8,1
LF:1
LH:1
BRF:0
BRH:0
end_of_record
TN:
SF:src\components\lang-selector\LangSelector.tsx
FN:5,LangSelector
FN:8,(anonymous_1)
FNF:2
FNH:2
FNDA:2,LangSelector
FNDA:1,(anonymous_1)
DA:6,2
DA:8,2
DA:9,1
DA:12,2
LF:4
LH:4
BRF:0
BRH:0
end_of_record
TN:
SF:src\components\linked-avatar\LinkedAvatar.tsx
FN:6,LinkedAvatar
FNF:1
FNH:1
FNDA:28,LinkedAvatar
DA:7,28
LF:1
LH:1
BRF:0
BRH:0
end_of_record
TN:
SF:src\components\loading\Loading.tsx
FN:9,Loading
FNF:1
FNH:1
FNDA:28,Loading
DA:10,28
LF:1
LH:1
BRDA:12,0,0,28
BRDA:12,0,1,1
BRF:2
BRH:2
end_of_record
TN:
SF:src\components\login-form\LoginForm.tsx
FN:17,LoginForm
FN:17,(anonymous_1)
FN:21,(anonymous_2)
FN:53,(anonymous_3)
FNF:4
FNH:2
FNDA:5,LoginForm
FNDA:0,(anonymous_1)
FNDA:1,(anonymous_2)
FNDA:0,(anonymous_3)
DA:15,3
DA:18,5
DA:19,5
DA:21,5
DA:22,1
DA:25,5
DA:51,3
LF:7
LH:7
BRDA:17,0,0,0
BRF:1
BRH:0
end_of_record
TN:
SF:src\components\logo\Logo.tsx
FN:7,Logo
FNF:1
FNH:1
FNDA:1,Logo
DA:8,1
LF:1
LH:1
BRF:0
BRH:0
end_of_record
TN:
SF:src\components\main-layout\MainLayout.tsx
FN:7,MainLayout
FNF:1
FNH:1
FNDA:1,MainLayout
DA:8,1
LF:1
LH:1
BRF:0
BRH:0
end_of_record
TN:
SF:src\components\menu\Menu.tsx
FN:13,Menu
FNF:1
FNH:1
FNDA:1,Menu
DA:9,3
DA:14,1
DA:16,1
LF:3
LH:3
BRF:0
BRH:0
end_of_record
TN:
SF:src\components\modal\Modal.tsx
FN:14,Modal
FN:14,(anonymous_1)
FN:15,(anonymous_2)
FN:34,(anonymous_3)
FNF:4
FNH:2
FNDA:7,Modal
FNDA:0,(anonymous_1)
FNDA:1,(anonymous_2)
FNDA:0,(anonymous_3)
DA:15,7
DA:16,1
DA:19,7
DA:32,3
LF:4
LH:4
BRDA:14,0,0,0
BRDA:20,1,0,4
BRDA:20,1,1,3
BRDA:27,2,0,7
BRDA:27,2,1,1
BRF:5
BRH:4
end_of_record
TN:
SF:src\components\post-card\PostCard.tsx
FN:18,PostCard
FN:35,(anonymous_1)
FN:56,(anonymous_2)
FNF:3
FNH:2
FNDA:29,PostCard
FNDA:0,(anonymous_1)
FNDA:1,(anonymous_2)
DA:19,29
DA:20,29
DA:21,29
DA:22,29
DA:23,29
DA:24,29
DA:26,29
DA:35,0
DA:53,3
LF:9
LH:8
BRDA:18,0,0,0
BRDA:18,1,0,0
BRDA:27,2,0,11
BRDA:27,2,1,18
BRDA:27,3,0,4
BRDA:27,3,1,25
BRDA:29,4,0,11
BRDA:29,4,1,18
BRDA:35,5,0,0
BRDA:35,5,1,0
BRDA:44,6,0,11
BRDA:44,6,1,18
BRDA:48,7,0,29
BRDA:48,7,1,4
BRDA:48,7,2,4
BRF:15
BRH:11
end_of_record
TN:
SF:src\components\reg-form\RegForm.tsx
FN:23,RegForm
FN:23,(anonymous_1)
FN:27,(anonymous_2)
FN:111,(anonymous_3)
FNF:4
FNH:2
FNDA:4,RegForm
FNDA:0,(anonymous_1)
FNDA:1,(anonymous_2)
FNDA:0,(anonymous_3)
DA:21,3
DA:24,4
DA:25,4
DA:27,4
DA:28,1
DA:29,1
DA:30,1
DA:35,1
DA:38,4
DA:109,3
LF:10
LH:10
BRDA:23,0,0,0
BRF:1
BRH:0
end_of_record
TN:
SF:src\components\routes\Routes.tsx
FN:23,Routes
FN:32,(anonymous_1)
FN:33,(anonymous_2)
FN:37,(anonymous_3)
FN:46,(anonymous_4)
FN:64,(anonymous_5)
FN:75,(anonymous_6)
FN:76,(anonymous_7)
FN:80,(anonymous_8)
FN:91,(anonymous_9)
FN:92,(anonymous_10)
FNF:11
FNH:11
FNDA:13,Routes
FNDA:2,(anonymous_1)
FNDA:1,(anonymous_2)
FNDA:1,(anonymous_3)
FNDA:2,(anonymous_4)
FNDA:1,(anonymous_5)
FNDA:1,(anonymous_6)
FNDA:1,(anonymous_7)
FNDA:1,(anonymous_8)
FNDA:2,(anonymous_9)
FNDA:1,(anonymous_10)
DA:24,13
DA:25,13
DA:27,13
DA:32,2
DA:33,1
DA:41,1
DA:51,2
DA:69,1
DA:75,1
DA:76,1
DA:85,1
DA:91,2
DA:92,1
LF:13
LH:13
BRDA:51,0,0,1
BRDA:51,0,1,1
BRF:2
BRH:2
end_of_record
TN:
SF:src\components\scroll-to-top\ScrollToTop.tsx
FN:4,ScrollToTop
FN:6,(anonymous_1)
FNF:2
FNH:2
FNDA:3,ScrollToTop
FNDA:2,(anonymous_1)
DA:5,3
DA:6,3
DA:7,2
DA:9,3
LF:4
LH:4
BRF:0
BRH:0
end_of_record
TN:
SF:src\components\submit-button\SubmitButton.tsx
FN:10,SubmitButton
FNF:1
FNH:1
FNDA:10,SubmitButton
DA:11,10
DA:18,6
LF:2
LH:2
BRF:0
BRH:0
end_of_record
TN:
SF:src\components\theme-switcher\ThemeSwitcher.tsx
FN:7,ThemeSwitcher
FN:12,(anonymous_1)
FNF:2
FNH:2
FNDA:4,ThemeSwitcher
FNDA:2,(anonymous_1)
DA:8,4
DA:9,4
DA:10,4
DA:12,4
DA:13,2
DA:15,2
DA:16,1
DA:18,1
DA:22,4
LF:9
LH:9
BRDA:15,0,0,1
BRDA:15,0,1,1
BRF:2
BRH:2
end_of_record
TN:
SF:src\components\upload-button\UploadButton.tsx
FN:9,UploadButton
FNF:1
FNH:1
FNDA:3,UploadButton
DA:7,4
DA:10,3
LF:2
LH:2
BRDA:12,0,0,0
BRDA:12,0,1,3
BRF:2
BRH:1
end_of_record
TN:
SF:src\components\user-card\UserCard.tsx
FN:11,UserCard
FN:21,(anonymous_1)
FNF:2
FNH:1
FNDA:8,UserCard
FNDA:0,(anonymous_1)
DA:12,8
DA:13,8
DA:15,8
DA:21,0
LF:4
LH:3
BRDA:17,0,0,1
BRDA:17,0,1,7
BRDA:21,1,0,0
BRDA:21,1,1,0
BRF:4
BRH:2
end_of_record
TN:
SF:src\components\user-preview\UserPreview.tsx
FN:16,UserPreview
FNF:1
FNH:1
FNDA:7,UserPreview
DA:17,7
DA:18,7
DA:19,7
DA:20,7
DA:22,7
LF:5
LH:5
BRDA:25,0,0,4
BRDA:25,0,1,3
BRDA:47,1,0,7
BRDA:47,1,1,1
BRF:4
BRH:4
end_of_record
TN:
SF:src\context\ThemeContext.tsx
FN:24,(anonymous_0)
FN:28,(anonymous_1)
FN:38,(anonymous_2)
FN:42,(anonymous_3)
FN:47,(anonymous_4)
FN:52,(anonymous_5)
FN:58,(anonymous_6)
FNF:7
FNH:6
FNDA:0,(anonymous_0)
FNDA:2,(anonymous_1)
FNDA:2,(anonymous_2)
FNDA:2,(anonymous_3)
FNDA:2,(anonymous_4)
FNDA:2,(anonymous_5)
FNDA:4,(anonymous_6)
DA:22,4
DA:29,2
DA:31,2
DA:35,2
DA:39,2
DA:40,2
DA:42,2
DA:43,2
DA:48,2
DA:49,2
DA:50,2
DA:52,2
DA:53,2
DA:55,2
DA:59,4
DA:60,4
DA:62,4
LF:17
LH:17
BRDA:40,0,0,2
BRDA:40,0,1,2
BRF:2
BRH:2
end_of_record
TN:
SF:src\enums\index.ts
FNF:0
FNH:0
LF:0
LH:0
BRF:0
BRH:0
end_of_record
TN:
SF:src\enums\routes.ts
FNF:0
FNH:0
LF:0
LH:0
BRF:0
BRH:0
end_of_record
TN:
SF:src\enums\server.ts
FNF:0
FNH:0
LF:0
LH:0
BRF:0
BRH:0
end_of_record
TN:
SF:src\forms\edit\Edit.tsx
FN:11,Edit
FN:19,(anonymous_1)
FN:25,(anonymous_2)
FNF:3
FNH:1
FNDA:1,Edit
FNDA:0,(anonymous_1)
FNDA:0,(anonymous_2)
DA:12,1
DA:13,1
DA:14,1
DA:15,1
DA:16,1
DA:18,1
DA:19,1
DA:20,0
DA:21,0
DA:22,0
DA:25,1
DA:26,0
DA:27,0
DA:30,1
LF:14
LH:9
BRF:0
BRH:0
end_of_record
TN:
SF:src\forms\login\Login.tsx
FN:11,Login
FN:21,(anonymous_1)
FN:25,(anonymous_2)
FN:32,(anonymous_3)
FN:32,(anonymous_4)
FNF:5
FNH:3
FNDA:2,Login
FNDA:0,(anonymous_1)
FNDA:1,(anonymous_2)
FNDA:1,(anonymous_3)
FNDA:0,(anonymous_4)
DA:12,2
DA:13,2
DA:14,2
DA:15,2
DA:16,2
DA:17,2
DA:18,2
DA:19,2
DA:21,2
DA:22,0
DA:25,2
DA:26,1
DA:27,0
DA:31,2
DA:32,1
DA:33,0
DA:38,2
LF:17
LH:14
BRDA:26,0,0,0
BRDA:26,0,1,1
BRF:2
BRH:1
end_of_record
TN:
SF:src\forms\page-error\PageError.tsx
FN:9,PageError
FNF:1
FNH:1
FNDA:3,PageError
DA:10,3
LF:1
LH:1
BRF:0
BRH:0
end_of_record
TN:
SF:src\forms\post\Post.tsx
FN:17,Post
FN:33,(anonymous_1)
FN:38,(anonymous_2)
FN:44,(anonymous_3)
FN:48,(anonymous_4)
FN:53,(anonymous_5)
FN:53,(anonymous_6)
FN:62,(anonymous_7)
FN:70,(anonymous_8)
FNF:9
FNH:3
FNDA:2,Post
FNDA:0,(anonymous_1)
FNDA:0,(anonymous_2)
FNDA:0,(anonymous_3)
FNDA:0,(anonymous_4)
FNDA:0,(anonymous_5)
FNDA:0,(anonymous_6)
FNDA:2,(anonymous_7)
FNDA:4,(anonymous_8)
DA:18,2
DA:20,2
DA:21,2
DA:22,2
DA:23,2
DA:24,2
DA:26,2
DA:27,2
DA:28,2
DA:29,2
DA:30,2
DA:31,2
DA:33,2
DA:34,0
DA:37,2
DA:38,2
DA:39,0
DA:40,0
DA:41,0
DA:44,2
DA:45,0
DA:48,2
DA:49,0
DA:52,2
DA:53,0
DA:54,0
DA:55,0
DA:56,0
DA:57,0
DA:62,2
DA:63,2
DA:71,4
DA:79,2
LF:33
LH:22
BRDA:83,0,0,2
BRDA:83,0,1,2
BRDA:84,1,0,2
BRDA:84,1,1,2
BRF:4
BRH:4
end_of_record
TN:
SF:src\forms\posts\Posts.tsx
FN:11,Posts
FN:22,(anonymous_1)
FN:27,(anonymous_2)
FN:27,(anonymous_3)
FN:34,(anonymous_4)
FN:47,(anonymous_5)
FNF:6
FNH:2
FNDA:2,Posts
FNDA:0,(anonymous_1)
FNDA:0,(anonymous_2)
FNDA:0,(anonymous_3)
FNDA:0,(anonymous_4)
FNDA:12,(anonymous_5)
DA:12,2
DA:13,2
DA:14,2
DA:15,2
DA:16,2
DA:17,2
DA:18,2
DA:19,2
DA:20,2
DA:22,2
DA:23,0
DA:26,2
DA:27,0
DA:28,0
DA:29,0
DA:34,2
DA:35,0
DA:38,2
DA:48,12
LF:19
LH:14
BRF:0
BRH:0
end_of_record
TN:
SF:src\forms\profile\Profile.tsx
FN:18,Profile
FN:37,(anonymous_1)
FN:41,(anonymous_2)
FN:46,(anonymous_3)
FN:46,(anonymous_4)
FN:55,(anonymous_5)
FN:73,(anonymous_6)
FNF:7
FNH:2
FNDA:3,Profile
FNDA:0,(anonymous_1)
FNDA:0,(anonymous_2)
FNDA:0,(anonymous_3)
FNDA:0,(anonymous_4)
FNDA:0,(anonymous_5)
FNDA:9,(anonymous_6)
DA:19,3
DA:20,3
DA:21,3
DA:22,3
DA:23,3
DA:24,3
DA:25,3
DA:26,3
DA:27,3
DA:28,3
DA:29,3
DA:31,3
DA:32,3
DA:34,3
DA:35,3
DA:37,3
DA:38,0
DA:41,3
DA:42,0
DA:45,3
DA:46,0
DA:47,0
DA:48,0
DA:49,0
DA:50,0
DA:55,3
DA:56,0
DA:59,3
DA:74,9
LF:29
LH:21
BRDA:64,0,0,3
BRDA:64,0,1,3
BRDA:65,1,0,3
BRDA:65,1,1,3
BRDA:67,2,0,3
BRDA:67,2,1,3
BRF:6
BRH:6
end_of_record
TN:
SF:src\forms\registration\Registration.tsx
FN:12,Registration
FN:22,(anonymous_1)
FN:28,(anonymous_2)
FN:33,(anonymous_3)
FN:33,(anonymous_4)
FNF:5
FNH:1
FNDA:1,Registration
FNDA:0,(anonymous_1)
FNDA:0,(anonymous_2)
FNDA:0,(anonymous_3)
FNDA:0,(anonymous_4)
DA:13,1
DA:14,1
DA:15,1
DA:16,1
DA:17,1
DA:18,1
DA:19,1
DA:20,1
DA:22,1
DA:23,0
DA:24,0
DA:28,1
DA:29,0
DA:32,1
DA:33,0
DA:34,0
DA:39,1
LF:17
LH:12
BRDA:23,0,0,0
BRDA:23,0,1,0
BRF:2
BRH:0
end_of_record
TN:
SF:src\forms\users\Users.tsx
FN:12,Users
FN:23,(anonymous_1)
FN:28,(anonymous_2)
FN:28,(anonymous_3)
FN:35,(anonymous_4)
FN:48,(anonymous_5)
FNF:6
FNH:2
FNDA:1,Users
FNDA:0,(anonymous_1)
FNDA:0,(anonymous_2)
FNDA:0,(anonymous_3)
FNDA:0,(anonymous_4)
FNDA:6,(anonymous_5)
DA:13,1
DA:14,1
DA:15,1
DA:16,1
DA:17,1
DA:18,1
DA:19,1
DA:20,1
DA:21,1
DA:23,1
DA:24,0
DA:27,1
DA:28,0
DA:29,0
DA:30,0
DA:35,1
DA:36,0
DA:39,1
DA:49,6
LF:19
LH:14
BRF:0
BRH:0
end_of_record
TN:
SF:src\hooks\use-app-dispatch.ts
FN:4,(anonymous_0)
FNF:1
FNH:1
FNDA:13,(anonymous_0)
DA:4,13
LF:1
LH:1
BRF:0
BRH:0
end_of_record
TN:
SF:src\hooks\use-app-selector.ts
FNF:0
FNH:0
DA:4,4
LF:1
LH:1
BRF:0
BRH:0
end_of_record
TN:
SF:src\hooks\use-app-translation.ts
FN:3,(anonymous_0)
FNF:1
FNH:1
FNDA:52,(anonymous_0)
DA:3,52
LF:1
LH:1
BRF:0
BRH:0
end_of_record
TN:
SF:src\locale\i18next.ts
FNF:0
FNH:0
DA:8,22
LF:1
LH:1
BRF:0
BRH:0
end_of_record
TN:
SF:src\locale\en\auth.ts
FNF:0
FNH:0
DA:1,22
LF:1
LH:1
BRF:0
BRH:0
end_of_record
TN:
SF:src\locale\en\edit-form.ts
FNF:0
FNH:0
DA:1,22
LF:1
LH:1
BRF:0
BRH:0
end_of_record
TN:
SF:src\locale\en\error.ts
FNF:0
FNH:0
DA:1,22
LF:1
LH:1
BRF:0
BRH:0
end_of_record
TN:
SF:src\locale\en\index.ts
FNF:0
FNH:0
DA:10,22
LF:1
LH:1
BRF:0
BRH:0
end_of_record
TN:
SF:src\locale\en\login-form.ts
FNF:0
FNH:0
DA:1,22
LF:1
LH:1
BRF:0
BRH:0
end_of_record
TN:
SF:src\locale\en\menu.ts
FNF:0
FNH:0
DA:1,22
LF:1
LH:1
BRF:0
BRH:0
end_of_record
TN:
SF:src\locale\en\profile.ts
FNF:0
FNH:0
DA:1,22
LF:1
LH:1
BRF:0
BRH:0
end_of_record
TN:
SF:src\locale\en\reg-form.ts
FNF:0
FNH:0
DA:1,22
LF:1
LH:1
BRF:0
BRH:0
end_of_record
TN:
SF:src\locale\en\theme.ts
FNF:0
FNH:0
DA:1,22
LF:1
LH:1
BRF:0
BRH:0
end_of_record
TN:
SF:src\locale\ru\auth.ts
FNF:0
FNH:0
DA:1,22
LF:1
LH:1
BRF:0
BRH:0
end_of_record
TN:
SF:src\locale\ru\edit-form.ts
FNF:0
FNH:0
DA:1,22
LF:1
LH:1
BRF:0
BRH:0
end_of_record
TN:
SF:src\locale\ru\error.ts
FNF:0
FNH:0
DA:1,22
LF:1
LH:1
BRF:0
BRH:0
end_of_record
TN:
SF:src\locale\ru\index.ts
FNF:0
FNH:0
DA:10,22
LF:1
LH:1
BRF:0
BRH:0
end_of_record
TN:
SF:src\locale\ru\login-form.ts
FNF:0
FNH:0
DA:1,22
LF:1
LH:1
BRF:0
BRH:0
end_of_record
TN:
SF:src\locale\ru\menu.ts
FNF:0
FNH:0
DA:1,22
LF:1
LH:1
BRF:0
BRH:0
end_of_record
TN:
SF:src\locale\ru\profile.ts
FNF:0
FNH:0
DA:1,22
LF:1
LH:1
BRF:0
BRH:0
end_of_record
TN:
SF:src\locale\ru\reg-form.ts
FNF:0
FNH:0
DA:1,22
LF:1
LH:1
BRF:0
BRH:0
end_of_record
TN:
SF:src\locale\ru\theme.ts
FNF:0
FNH:0
DA:1,22
LF:1
LH:1
BRF:0
BRH:0
end_of_record
TN:
SF:src\server\cofigure-api.ts
FN:3,(anonymous_0)
FNF:1
FNH:0
FNDA:0,(anonymous_0)
DA:3,0
DA:4,0
LF:2
LH:0
BRF:0
BRH:0
end_of_record
TN:
SF:src\store\index.ts
FNF:0
FNH:0
DA:12,0
DA:13,0
DA:21,0
LF:3
LH:0
BRF:0
BRH:0
end_of_record
TN:
SF:src\store\name-space.ts
FNF:0
FNH:0
LF:0
LH:0
BRF:0
BRH:0
end_of_record
TN:
SF:src\store\auth\actions.ts
FN:4,(anonymous_0)
FN:13,(anonymous_1)
FNF:2
FNH:1
FNDA:0,(anonymous_0)
FNDA:2,(anonymous_1)
DA:4,4
DA:13,4
DA:14,2
DA:16,2
DA:21,4
LF:5
LH:5
BRF:0
BRH:0
end_of_record
TN:
SF:src\store\auth\index.ts
FNF:0
FNH:0
LF:0
LH:0
BRF:0
BRH:0
end_of_record
TN:
SF:src\store\auth\operations.ts
FN:9,(anonymous_0)
FN:9,(anonymous_1)
FN:14,(anonymous_2)
FN:19,(anonymous_3)
FN:30,(anonymous_4)
FN:30,(anonymous_5)
FN:35,(anonymous_6)
FN:40,(anonymous_7)
FN:51,(anonymous_8)
FN:51,(anonymous_9)
FN:56,(anonymous_10)
FN:61,(anonymous_11)
FNF:12
FNH:0
FNDA:0,(anonymous_0)
FNDA:0,(anonymous_1)
FNDA:0,(anonymous_2)
FNDA:0,(anonymous_3)
FNDA:0,(anonymous_4)
FNDA:0,(anonymous_5)
FNDA:0,(anonymous_6)
FNDA:0,(anonymous_7)
FNDA:0,(anonymous_8)
FNDA:0,(anonymous_9)
FNDA:0,(anonymous_10)
FNDA:0,(anonymous_11)
DA:9,4
DA:10,0
DA:12,0
DA:15,0
DA:16,0
DA:17,0
DA:20,0
DA:21,0
DA:22,0
DA:24,0
DA:27,0
DA:30,4
DA:31,0
DA:33,0
DA:36,0
DA:37,0
DA:38,0
DA:41,0
DA:42,0
DA:44,0
DA:48,0
DA:51,4
DA:52,0
DA:54,0
DA:57,0
DA:58,0
DA:59,0
DA:62,0
DA:65,0
LF:29
LH:3
BRDA:15,0,0,0
BRDA:15,0,1,0
BRDA:20,1,0,0
BRDA:20,1,1,0
BRDA:36,2,0,0
BRDA:36,2,1,0
BRDA:41,3,0,0
BRDA:41,3,1,0
BRDA:41,4,0,0
BRDA:41,4,1,0
BRDA:57,5,0,0
BRDA:57,5,1,0
BRF:12
BRH:0
end_of_record
TN:
SF:src\store\auth\reducers.ts
FN:14,(anonymous_0)
FN:33,(anonymous_1)
FNF:2
FNH:2
FNDA:8,(anonymous_0)
FNDA:8,(anonymous_1)
DA:14,4
DA:15,8
DA:17,0
DA:20,0
DA:23,8
DA:32,4
DA:33,4
DA:34,8
DA:36,0
DA:39,0
DA:42,8
DA:46,4
DA:47,4
LF:13
LH:9
BRDA:14,0,0,8
BRDA:15,1,0,0
BRDA:15,1,1,0
BRDA:15,1,2,8
BRDA:33,2,0,8
BRDA:34,3,0,0
BRDA:34,3,1,0
BRDA:34,3,2,8
BRF:8
BRH:4
end_of_record
TN:
SF:src\store\auth\selectors.ts
FN:5,(anonymous_0)
FN:7,(anonymous_1)
FN:8,(anonymous_2)
FN:10,(anonymous_3)
FN:11,(anonymous_4)
FN:12,(anonymous_5)
FN:14,(anonymous_6)
FN:15,(anonymous_7)
FN:17,(anonymous_8)
FN:18,(anonymous_9)
FNF:10
FNH:9
FNDA:35,(anonymous_0)
FNDA:15,(anonymous_1)
FNDA:4,(anonymous_2)
FNDA:7,(anonymous_3)
FNDA:4,(anonymous_4)
FNDA:4,(anonymous_5)
FNDA:4,(anonymous_6)
FNDA:0,(anonymous_7)
FNDA:16,(anonymous_8)
FNDA:15,(anonymous_9)
DA:5,35
DA:7,15
DA:8,4
DA:10,7
DA:11,4
DA:12,4
DA:14,4
DA:15,4
DA:17,16
DA:18,15
LF:10
LH:10
BRF:0
BRH:0
end_of_record
TN:
SF:src\store\auth\types.ts
FNF:0
FNH:0
DA:3,4
DA:4,4
DA:6,4
LF:3
LH:3
BRF:0
BRH:0
end_of_record
TN:
SF:src\store\auth\slices\fetch.ts
FNF:0
FNH:0
DA:4,4
DA:5,4
DA:6,4
DA:7,4
LF:4
LH:4
BRF:0
BRH:0
end_of_record
TN:
SF:src\store\hor\create-fetch-reducer.ts
FN:18,(anonymous_0)
FN:25,(anonymous_1)
FN:30,(anonymous_2)
FN:34,(anonymous_3)
FN:39,(anonymous_4)
FN:43,(anonymous_5)
FN:61,(anonymous_6)
FN:95,(anonymous_7)
FN:96,(anonymous_8)
FN:97,(anonymous_9)
FN:98,(anonymous_10)
FNF:11
FNH:5
FNDA:20,(anonymous_0)
FNDA:0,(anonymous_1)
FNDA:0,(anonymous_2)
FNDA:0,(anonymous_3)
FNDA:0,(anonymous_4)
FNDA:0,(anonymous_5)
FNDA:64,(anonymous_6)
FNDA:0,(anonymous_7)
FNDA:20,(anonymous_8)
FNDA:17,(anonymous_9)
FNDA:17,(anonymous_10)
DA:18,4
DA:19,20
DA:20,20
DA:21,20
DA:22,20
DA:23,20
DA:25,20
DA:30,20
DA:34,20
DA:39,20
DA:43,20
DA:47,20
DA:55,20
DA:61,20
DA:62,64
DA:64,0
DA:70,0
DA:75,0
DA:81,0
DA:84,0
DA:85,0
DA:91,64
DA:95,20
DA:96,20
DA:97,20
DA:98,20
DA:99,20
DA:106,20
LF:28
LH:22
BRDA:27,0,0,0
BRDA:27,0,1,0
BRDA:61,1,0,64
BRDA:62,2,0,0
BRDA:62,2,1,0
BRDA:62,2,2,0
BRDA:62,2,3,0
BRDA:62,2,4,0
BRDA:62,2,5,64
BRF:9
BRH:2
end_of_record
TN:
SF:src\store\hor\create-item-reducer.ts
FN:7,(anonymous_0)
FN:11,(anonymous_1)
FN:16,(anonymous_2)
FN:25,(anonymous_3)
FN:37,(anonymous_4)
FNF:5
FNH:3
FNDA:6,(anonymous_0)
FNDA:0,(anonymous_1)
FNDA:0,(anonymous_2)
FNDA:12,(anonymous_3)
FNDA:6,(anonymous_4)
DA:7,4
DA:8,6
DA:9,6
DA:11,6
DA:16,6
DA:20,6
DA:25,6
DA:26,12
DA:27,0
DA:30,12
DA:31,0
DA:34,12
DA:37,6
DA:38,6
DA:42,6
LF:15
LH:13
BRDA:25,0,0,12
BRDA:26,1,0,0
BRDA:26,1,1,12
BRDA:30,2,0,0
BRDA:30,2,1,12
BRF:5
BRH:3
end_of_record
TN:
SF:src\store\hor\create-list-reducer.ts
FN:10,(anonymous_0)
FN:15,(anonymous_1)
FN:23,(anonymous_2)
FN:28,(anonymous_3)
FN:44,(anonymous_4)
FN:63,(anonymous_5)
FN:64,(anonymous_6)
FN:65,(anonymous_7)
FNF:8
FNH:5
FNDA:10,(anonymous_0)
FNDA:0,(anonymous_1)
FNDA:0,(anonymous_2)
FNDA:0,(anonymous_3)
FNDA:20,(anonymous_4)
FNDA:8,(anonymous_5)
FNDA:8,(anonymous_6)
FNDA:8,(anonymous_7)
DA:10,4
DA:11,10
DA:12,10
DA:13,10
DA:15,10
DA:23,10
DA:28,10
DA:32,10
DA:38,10
DA:44,10
DA:45,20
DA:47,0
DA:53,0
DA:56,0
DA:59,20
DA:63,10
DA:64,10
DA:65,10
DA:66,10
DA:72,10
LF:20
LH:17
BRDA:41,0,0,10
BRDA:41,0,1,0
BRDA:44,1,0,20
BRDA:45,2,0,0
BRDA:45,2,1,0
BRDA:45,2,2,0
BRDA:45,2,3,20
BRF:7
BRH:3
end_of_record
TN:
SF:src\store\hor\index.ts
FNF:0
FNH:0
LF:0
LH:0
BRF:0
BRH:0
end_of_record
TN:
SF:src\store\post\actions.ts
FNF:0
FNH:0
DA:5,2
LF:1
LH:1
BRF:0
BRH:0
end_of_record
TN:
SF:src\store\post\index.ts
FNF:0
FNH:0
LF:0
LH:0
BRF:0
BRH:0
end_of_record
TN:
SF:src\store\post\operations.ts
FN:8,(anonymous_0)
FN:8,(anonymous_1)
FN:13,(anonymous_2)
FN:17,(anonymous_3)
FN:28,(anonymous_4)
FN:28,(anonymous_5)
FN:35,(anonymous_6)
FN:39,(anonymous_7)
FNF:8
FNH:0
FNDA:0,(anonymous_0)
FNDA:0,(anonymous_1)
FNDA:0,(anonymous_2)
FNDA:0,(anonymous_3)
FNDA:0,(anonymous_4)
FNDA:0,(anonymous_5)
FNDA:0,(anonymous_6)
FNDA:0,(anonymous_7)
DA:8,2
DA:9,0
DA:11,0
DA:14,0
DA:15,0
DA:18,0
DA:19,0
DA:21,0
DA:24,0
DA:28,2
DA:29,0
DA:31,0
DA:36,0
DA:37,0
DA:40,0
DA:41,0
DA:45,0
DA:48,0
LF:18
LH:2
BRDA:18,0,0,0
BRDA:18,0,1,0
BRDA:40,1,0,0
BRDA:40,1,1,0
BRF:4
BRH:0
end_of_record
TN:
SF:src\store\post\reducers.ts
FNF:0
FNH:0
DA:9,2
DA:10,2
LF:2
LH:2
BRF:0
BRH:0
end_of_record
TN:
SF:src\store\post\selectors.ts
FN:7,(anonymous_0)
FN:9,(anonymous_1)
FN:10,(anonymous_2)
FN:11,(anonymous_3)
FN:13,(anonymous_4)
FN:15,(anonymous_5)
FN:16,(anonymous_6)
FN:17,(anonymous_7)
FN:19,(anonymous_8)
FN:21,(anonymous_9)
FN:23,(anonymous_10)
FN:26,(anonymous_11)
FN:28,(anonymous_12)
FN:30,(anonymous_13)
FNF:14
FNH:14
FNDA:20,(anonymous_0)
FNDA:12,(anonymous_1)
FNDA:2,(anonymous_2)
FNDA:6,(anonymous_3)
FNDA:2,(anonymous_4)
FNDA:2,(anonymous_5)
FNDA:2,(anonymous_6)
FNDA:2,(anonymous_7)
FNDA:2,(anonymous_8)
FNDA:2,(anonymous_9)
FNDA:2,(anonymous_10)
FNDA:2,(anonymous_11)
FNDA:2,(anonymous_12)
FNDA:2,(anonymous_13)
DA:7,20
DA:9,12
DA:10,2
DA:11,6
DA:13,2
DA:15,2
DA:16,2
DA:17,2
DA:19,2
DA:20,2
DA:21,2
DA:22,2
DA:23,2
DA:24,2
DA:26,2
DA:27,2
DA:28,2
DA:29,2
DA:30,2
DA:31,2
LF:20
LH:20
BRDA:19,0,0,2
BRDA:21,1,0,2
BRDA:23,2,0,2
BRDA:26,3,0,2
BRDA:28,4,0,2
BRDA:30,5,0,2
BRF:6
BRH:6
end_of_record
TN:
SF:src\store\post\slices\fetch.ts
FNF:0
FNH:0
DA:10,2
DA:11,2
DA:12,2
DA:13,2
DA:15,2
DA:16,2
DA:17,2
DA:18,2
DA:20,2
DA:25,2
DA:30,2
LF:11
LH:11
BRF:0
BRH:0
end_of_record
TN:
SF:src\store\post\slices\item.ts
FNF:0
FNH:0
DA:6,2
DA:7,2
DA:8,2
DA:9,2
LF:4
LH:4
BRF:0
BRH:0
end_of_record
TN:
SF:src\store\post\slices\list.ts
FNF:0
FNH:0
DA:6,2
DA:7,2
DA:8,2
DA:9,2
LF:4
LH:4
BRF:0
BRH:0
end_of_record
TN:
SF:src\store\posts\actions.ts
FNF:0
FNH:0
DA:4,2
LF:1
LH:1
BRF:0
BRH:0
end_of_record
TN:
SF:src\store\posts\index.ts
FNF:0
FNH:0
LF:0
LH:0
BRF:0
BRH:0
end_of_record
TN:
SF:src\store\posts\operations.ts
FN:6,(anonymous_0)
FN:6,(anonymous_1)
FN:13,(anonymous_2)
FN:17,(anonymous_3)
FNF:4
FNH:0
FNDA:0,(anonymous_0)
FNDA:0,(anonymous_1)
FNDA:0,(anonymous_2)
FNDA:0,(anonymous_3)
DA:6,2
DA:7,0
DA:9,0
DA:14,0
DA:15,0
DA:18,0
DA:20,0
LF:7
LH:1
BRF:0
BRH:0
end_of_record
TN:
SF:src\store\posts\reducers.ts
FNF:0
FNH:0
DA:8,2
LF:1
LH:1
BRF:0
BRH:0
end_of_record
TN:
SF:src\store\posts\selectors.ts
FN:6,(anonymous_0)
FN:8,(anonymous_1)
FN:9,(anonymous_2)
FN:11,(anonymous_3)
FN:12,(anonymous_4)
FN:13,(anonymous_5)
FN:15,(anonymous_6)
FN:16,(anonymous_7)
FN:17,(anonymous_8)
FNF:9
FNH:9
FNDA:12,(anonymous_0)
FNDA:6,(anonymous_1)
FNDA:6,(anonymous_2)
FNDA:2,(anonymous_3)
FNDA:2,(anonymous_4)
FNDA:2,(anonymous_5)
FNDA:2,(anonymous_6)
FNDA:2,(anonymous_7)
FNDA:2,(anonymous_8)
DA:6,12
DA:8,6
DA:9,6
DA:11,2
DA:12,2
DA:13,2
DA:15,2
DA:16,2
DA:17,2
LF:9
LH:9
BRF:0
BRH:0
end_of_record
TN:
SF:src\store\posts\slices\fetch.ts
FNF:0
FNH:0
DA:4,2
DA:5,2
DA:6,2
DA:7,2
LF:4
LH:4
BRF:0
BRH:0
end_of_record
TN:
SF:src\store\posts\slices\list.ts
FNF:0
FNH:0
DA:6,2
DA:7,2
DA:8,2
DA:9,2
LF:4
LH:4
BRF:0
BRH:0
end_of_record
TN:
SF:src\store\profile\actions.ts
FNF:0
FNH:0
DA:5,4
LF:1
LH:1
BRF:0
BRH:0
end_of_record
TN:
SF:src\store\profile\index.ts
FNF:0
FNH:0
LF:0
LH:0
BRF:0
BRH:0
end_of_record
TN:
SF:src\store\profile\operations.ts
FN:8,(anonymous_0)
FN:8,(anonymous_1)
FN:13,(anonymous_2)
FN:17,(anonymous_3)
FN:30,(anonymous_4)
FN:30,(anonymous_5)
FN:37,(anonymous_6)
FN:41,(anonymous_7)
FNF:8
FNH:0
FNDA:0,(anonymous_0)
FNDA:0,(anonymous_1)
FNDA:0,(anonymous_2)
FNDA:0,(anonymous_3)
FNDA:0,(anonymous_4)
FNDA:0,(anonymous_5)
FNDA:0,(anonymous_6)
FNDA:0,(anonymous_7)
DA:8,4
DA:9,0
DA:11,0
DA:14,0
DA:15,0
DA:18,0
DA:19,0
DA:23,0
DA:26,0
DA:30,4
DA:31,0
DA:33,0
DA:38,0
DA:39,0
DA:42,0
DA:43,0
DA:47,0
DA:50,0
LF:18
LH:2
BRDA:18,0,0,0
BRDA:18,0,1,0
BRDA:42,1,0,0
BRDA:42,1,1,0
BRF:4
BRH:0
end_of_record
TN:
SF:src\store\profile\reducers.ts
FNF:0
FNH:0
DA:9,4
DA:10,4
LF:2
LH:2
BRF:0
BRH:0
end_of_record
TN:
SF:src\store\profile\selectors.ts
FN:7,(anonymous_0)
FN:9,(anonymous_1)
FN:10,(anonymous_2)
FN:11,(anonymous_3)
FN:13,(anonymous_4)
FN:15,(anonymous_5)
FN:16,(anonymous_6)
FN:17,(anonymous_7)
FN:19,(anonymous_8)
FN:21,(anonymous_9)
FN:23,(anonymous_10)
FN:26,(anonymous_11)
FN:28,(anonymous_12)
FN:30,(anonymous_13)
FNF:14
FNH:14
FNDA:31,(anonymous_0)
FNDA:18,(anonymous_1)
FNDA:4,(anonymous_2)
FNDA:9,(anonymous_3)
FNDA:4,(anonymous_4)
FNDA:3,(anonymous_5)
FNDA:3,(anonymous_6)
FNDA:3,(anonymous_7)
FNDA:3,(anonymous_8)
FNDA:3,(anonymous_9)
FNDA:3,(anonymous_10)
FNDA:3,(anonymous_11)
FNDA:3,(anonymous_12)
FNDA:3,(anonymous_13)
DA:7,31
DA:9,18
DA:10,4
DA:11,9
DA:13,4
DA:15,4
DA:16,4
DA:17,4
DA:19,4
DA:20,3
DA:21,4
DA:22,3
DA:23,4
DA:24,3
DA:26,4
DA:27,3
DA:28,4
DA:29,3
DA:30,4
DA:31,3
LF:20
LH:20
BRDA:19,0,0,3
BRDA:21,1,0,3
BRDA:23,2,0,3
BRDA:26,3,0,3
BRDA:28,4,0,3
BRDA:30,5,0,3
BRF:6
BRH:6
end_of_record
TN:
SF:src\store\profile\slices\fetch.ts
FNF:0
FNH:0
DA:10,4
DA:11,4
DA:12,4
DA:13,4
DA:15,4
DA:16,4
DA:17,4
DA:18,4
DA:20,4
DA:25,4
DA:30,4
LF:11
LH:11
BRF:0
BRH:0
end_of_record
TN:
SF:src\store\profile\slices\item.ts
FNF:0
FNH:0
DA:6,4
DA:7,4
DA:8,4
DA:9,4
LF:4
LH:4
BRF:0
BRH:0
end_of_record
TN:
SF:src\store\profile\slices\list.ts
FNF:0
FNH:0
DA:6,4
DA:7,4
DA:8,4
DA:9,4
LF:4
LH:4
BRF:0
BRH:0
end_of_record
TN:
SF:src\store\users\actions.ts
FNF:0
FNH:0
DA:4,2
LF:1
LH:1
BRF:0
BRH:0
end_of_record
TN:
SF:src\store\users\index.ts
FNF:0
FNH:0
LF:0
LH:0
BRF:0
BRH:0
end_of_record
TN:
SF:src\store\users\operations.ts
FN:5,(anonymous_0)
FN:5,(anonymous_1)
FN:10,(anonymous_2)
FN:14,(anonymous_3)
FNF:4
FNH:0
FNDA:0,(anonymous_0)
FNDA:0,(anonymous_1)
FNDA:0,(anonymous_2)
FNDA:0,(anonymous_3)
DA:5,2
DA:6,0
DA:8,0
DA:11,0
DA:12,0
DA:15,0
DA:17,0
LF:7
LH:1
BRF:0
BRH:0
end_of_record
TN:
SF:src\store\users\reducers.ts
FNF:0
FNH:0
DA:8,2
LF:1
LH:1
BRF:0
BRH:0
end_of_record
TN:
SF:src\store\users\selectors.ts
FN:6,(anonymous_0)
FN:8,(anonymous_1)
FN:9,(anonymous_2)
FN:11,(anonymous_3)
FN:12,(anonymous_4)
FN:13,(anonymous_5)
FN:15,(anonymous_6)
FN:16,(anonymous_7)
FN:17,(anonymous_8)
FNF:9
FNH:9
FNDA:6,(anonymous_0)
FNDA:3,(anonymous_1)
FNDA:3,(anonymous_2)
FNDA:1,(anonymous_3)
FNDA:1,(anonymous_4)
FNDA:1,(anonymous_5)
FNDA:1,(anonymous_6)
FNDA:1,(anonymous_7)
FNDA:1,(anonymous_8)
DA:6,6
DA:8,3
DA:9,3
DA:11,2
DA:12,2
DA:13,2
DA:15,2
DA:16,2
DA:17,2
LF:9
LH:9
BRF:0
BRH:0
end_of_record
TN:
SF:src\store\users\slices\fetch.ts
FNF:0
FNH:0
DA:4,2
DA:5,2
DA:6,2
DA:7,2
LF:4
LH:4
BRF:0
BRH:0
end_of_record
TN:
SF:src\store\users\slices\list.ts
FNF:0
FNH:0
DA:6,2
DA:7,2
DA:8,2
DA:9,2
LF:4
LH:4
BRF:0
BRH:0
end_of_record
TN:
SF:src\types\comment.ts
FNF:0
FNH:0
LF:0
LH:0
BRF:0
BRH:0
end_of_record
TN:
SF:src\types\index.ts
FNF:0
FNH:0
LF:0
LH:0
BRF:0
BRH:0
end_of_record
TN:
SF:src\types\lists.ts
FNF:0
FNH:0
LF:0
LH:0
BRF:0
BRH:0
end_of_record
TN:
SF:src\types\post.ts
FNF:0
FNH:0
LF:0
LH:0
BRF:0
BRH:0
end_of_record
TN:
SF:src\types\user.ts
FNF:0
FNH:0
LF:0
LH:0
BRF:0
BRH:0
end_of_record
TN:
SF:src\utils\data.ts
FN:4,(anonymous_0)
FN:12,(anonymous_1)
FN:20,(anonymous_2)
FN:28,(anonymous_3)
FN:48,(anonymous_4)
FN:49,(anonymous_5)
FN:50,(anonymous_6)
FN:52,(anonymous_7)
FN:62,(anonymous_8)
FN:63,(anonymous_9)
FNF:10
FNH:10
FNDA:54,(anonymous_0)
FNDA:30,(anonymous_1)
FNDA:8,(anonymous_2)
FNDA:4,(anonymous_3)
FNDA:3,(anonymous_4)
FNDA:7,(anonymous_5)
FNDA:3,(anonymous_6)
FNDA:13,(anonymous_7)
FNDA:5,(anonymous_8)
FNDA:51,(anonymous_9)
DA:4,54
DA:12,30
DA:20,22
DA:28,22
DA:48,22
DA:49,22
DA:50,22
DA:52,22
DA:53,13
DA:54,13
DA:56,13
DA:62,22
DA:63,22
DA:64,51
LF:14
LH:14
BRDA:64,0,0,14
BRDA:64,0,1,37
BRF:2
BRH:2
end_of_record
TN:
SF:src\utils\dom.ts
FN:1,(anonymous_0)
FN:2,(anonymous_1)
FNF:2
FNH:2
FNDA:5,(anonymous_0)
FNDA:3,(anonymous_1)
DA:1,22
DA:2,22
LF:2
LH:2
BRF:0
BRH:0
end_of_record
TN:
SF:src\utils\file.ts
FN:3,(anonymous_0)
FN:6,(anonymous_1)
FNF:2
FNH:2
FNDA:1,(anonymous_0)
FNDA:1,(anonymous_1)
DA:3,22
DA:4,1
DA:5,1
DA:6,1
LF:4
LH:4
BRF:0
BRH:0
end_of_record
TN:
SF:src\utils\index.ts
FNF:0
FNH:0
LF:0
LH:0
BRF:0
BRH:0
end_of_record
TN:
SF:src\utils\object.ts
FN:1,(anonymous_0)
FNF:1
FNH:1
FNDA:2,(anonymous_0)
DA:1,22
DA:2,2
LF:2
LH:2
BRF:0
BRH:0
end_of_record
TN:
SF:src\utils\request.ts
FN:1,(anonymous_0)
FN:2,(anonymous_1)
FNF:2
FNH:2
FNDA:2,(anonymous_0)
FNDA:2,(anonymous_1)
DA:1,22
DA:2,2
DA:3,2
DA:4,1
LF:4
LH:4
BRDA:3,0,0,1
BRDA:3,0,1,1
BRF:2
BRH:2
end_of_record
TN:
SF:src\utils\route.ts
FN:3,(anonymous_0)
FN:4,(anonymous_1)
FN:5,(anonymous_2)
FN:6,(anonymous_3)
FNF:4
FNH:4
FNDA:70,(anonymous_0)
FNDA:8,(anonymous_1)
FNDA:24,(anonymous_2)
FNDA:24,(anonymous_3)
DA:3,70
DA:4,22
DA:5,24
DA:6,24
LF:4
LH:4
BRF:0
BRH:0
end_of_record
TN:
SF:src\utils\validate.ts
FN:7,(anonymous_0)
FN:7,(anonymous_1)
FN:8,(anonymous_2)
FN:22,(anonymous_3)
FN:22,(anonymous_4)
FN:23,(anonymous_5)
FN:32,(anonymous_6)
FN:33,(anonymous_7)
FN:48,(anonymous_8)
FN:60,(anonymous_9)
FN:64,(anonymous_10)
FN:65,(anonymous_11)
FNF:12
FNH:12
FNDA:133,(anonymous_0)
FNDA:66,(anonymous_1)
FNDA:11,(anonymous_2)
FNDA:22,(anonymous_3)
FNDA:16,(anonymous_4)
FNDA:4,(anonymous_5)
FNDA:15,(anonymous_6)
FNDA:10,(anonymous_7)
FNDA:5,(anonymous_8)
FNDA:9,(anonymous_9)
FNDA:4,(anonymous_10)
FNDA:3,(anonymous_11)
DA:7,133
DA:9,11
DA:10,1
DA:12,10
DA:15,22
DA:16,22
DA:17,22
DA:18,22
DA:19,22
DA:20,22
DA:22,22
DA:24,4
DA:25,1
DA:27,3
DA:30,22
DA:32,22
DA:34,10
DA:36,10
DA:37,5
DA:40,5
DA:41,1
DA:44,4
DA:48,22
DA:49,5
DA:50,5
DA:51,1
DA:53,5
DA:54,5
DA:55,1
DA:57,5
DA:60,22
DA:64,22
DA:65,22
LF:33
LH:33
BRDA:9,0,0,1
BRDA:9,0,1,10
BRDA:24,1,0,1
BRDA:24,1,1,3
BRDA:36,2,0,5
BRDA:36,2,1,5
BRDA:36,3,0,10
BRDA:36,3,1,8
BRDA:40,4,0,1
BRDA:40,4,1,4
BRDA:40,5,0,5
BRDA:40,5,1,4
BRDA:49,6,0,5
BRDA:49,6,1,4
BRDA:50,7,0,1
BRDA:50,7,1,4
BRDA:54,8,0,1
BRDA:54,8,1,4
BRDA:57,9,0,5
BRDA:57,9,1,4
BRDA:57,9,2,2
BRDA:65,10,0,3
BRDA:65,10,1,3
BRF:23
BRH:23
end_of_record
